<?xml version="1.0" encoding="UTF-8"?>
<testng-results ignored="0" total="1" passed="0" failed="1" skipped="0">
  <reporter-output>
  </reporter-output>
  <suite started-at="2026-04-29T15:32:34 IST" name="Default suite" finished-at="2026-04-29T15:33:05 IST" duration-ms="31991">
    <groups>
      <group name="e2e">
        <method signature="E2E_OrderFlow_Test.verifyUsercanPlaceOrderSuccessfully()[pri:0, instance:b_e2e_sanity_tests.E2E_OrderFlow_Test@63798ca7]" name="verifyUsercanPlaceOrderSuccessfully" class="b_e2e_sanity_tests.E2E_OrderFlow_Test"/>
      </group> <!-- e2e -->
    </groups>
    <test started-at="2026-04-29T15:32:34 IST" name="Default test" finished-at="2026-04-29T15:33:05 IST" duration-ms="31991">
      <class name="b_e2e_sanity_tests.E2E_OrderFlow_Test">
        <test-method is-config="true" signature="setUpReport()[pri:0, instance:b_e2e_sanity_tests.E2E_OrderFlow_Test@63798ca7]" started-at="2026-04-29T15:32:33 IST" name="setUpReport" finished-at="2026-04-29T15:32:34 IST" duration-ms="162" status="PASS">
          <reporter-output>
          </reporter-output>
        </test-method> <!-- setUpReport -->
        <test-method is-config="true" signature="startTest(java.lang.reflect.Method)[pri:0, instance:b_e2e_sanity_tests.E2E_OrderFlow_Test@63798ca7]" started-at="2026-04-29T15:32:34 IST" name="startTest" finished-at="2026-04-29T15:32:39 IST" duration-ms="5265" status="PASS">
          <params>
            <param index="0">
              <value>
                <![CDATA[public void b_e2e_sanity_tests.E2E_OrderFlow_Test.verifyUsercanPlaceOrderSuccessfully()]]>
              </value>
            </param>
          </params>
          <reporter-output>
          </reporter-output>
        </test-method> <!-- startTest -->
        <test-method signature="verifyUsercanPlaceOrderSuccessfully()[pri:0, instance:b_e2e_sanity_tests.E2E_OrderFlow_Test@63798ca7]" started-at="2026-04-29T15:32:39 IST" name="verifyUsercanPlaceOrderSuccessfully" finished-at="2026-04-29T15:33:04 IST" duration-ms="25194" status="FAIL">
          <exception class="java.lang.AssertionError">
            <message>
              <![CDATA[expected [true] but found [false]]]>
            </message>
            <full-stacktrace>
              <![CDATA[java.lang.AssertionError: expected [true] but found [false]
at org.testng.Assert.fail(Assert.java:111)
at org.testng.Assert.failNotEquals(Assert.java:1578)
at org.testng.Assert.assertTrue(Assert.java:57)
at org.testng.Assert.assertTrue(Assert.java:67)
at b_e2e_sanity_tests.E2E_OrderFlow_Test.verifyUsercanPlaceOrderSuccessfully(E2E_OrderFlow_Test.java:102)
at java.base/jdk.internal.reflect.DirectMethodHandleAccessor.invoke(DirectMethodHandleAccessor.java:103)
at java.base/java.lang.reflect.Method.invoke(Method.java:580)
at org.testng.internal.invokers.MethodInvocationHelper.invokeMethod(MethodInvocationHelper.java:141)
at org.testng.internal.invokers.TestInvoker.invokeMethod(TestInvoker.java:686)
at org.testng.internal.invokers.TestInvoker.invokeTestMethod(TestInvoker.java:230)
at org.testng.internal.invokers.MethodRunner.runInSequence(MethodRunner.java:63)
at org.testng.internal.invokers.TestInvoker$MethodInvocationAgent.invoke(TestInvoker.java:992)
at org.testng.internal.invokers.TestInvoker.invokeTestMethods(TestInvoker.java:203)
at org.testng.internal.invokers.TestMethodWorker.invokeTestMethods(TestMethodWorker.java:154)
at org.testng.internal.invokers.TestMethodWorker.run(TestMethodWorker.java:134)
at java.base/java.util.ArrayList.forEach(ArrayList.java:1596)
at org.testng.TestRunner.privateRun(TestRunner.java:739)
at org.testng.TestRunner.run(TestRunner.java:614)
at org.testng.SuiteRunner.runTest(SuiteRunner.java:421)
at org.testng.SuiteRunner.runSequentially(SuiteRunner.java:413)
at org.testng.SuiteRunner.privateRun(SuiteRunner.java:373)
at org.testng.SuiteRunner.run(SuiteRunner.java:312)
at org.testng.SuiteRunnerWorker.runSuite(SuiteRunnerWorker.java:52)
at org.testng.SuiteRunnerWorker.run(SuiteRunnerWorker.java:95)
at org.testng.TestNG.runSuitesSequentially(TestNG.java:1274)
at org.testng.TestNG.runSuitesLocally(TestNG.java:1208)
at org.testng.TestNG.runSuites(TestNG.java:1112)
at org.testng.TestNG.run(TestNG.java:1079)
at org.testng.remote.AbstractRemoteTestNG.run(AbstractRemoteTestNG.java:115)
at org.testng.remote.RemoteTestNG.initAndRun(RemoteTestNG.java:293)
at org.testng.remote.RemoteTestNG.main(RemoteTestNG.java:91)
]]>
            </full-stacktrace>
          </exception> <!-- java.lang.AssertionError -->
          <reporter-output>
          </reporter-output>
        </test-method> <!-- verifyUsercanPlaceOrderSuccessfully -->
        <test-method is-config="true" signature="tearDown(org.testng.ITestResult)[pri:0, instance:b_e2e_sanity_tests.E2E_OrderFlow_Test@63798ca7]" started-at="2026-04-29T15:33:04 IST" name="tearDown" finished-at="2026-04-29T15:33:05 IST" duration-ms="1497" status="PASS">
          <params>
            <param index="0">
              <value>
                <![CDATA[[TestResult name=verifyUsercanPlaceOrderSuccessfully status=FAILURE method=E2E_OrderFlow_Test.verifyUsercanPlaceOrderSuccessfully()[pri:0, instance:b_e2e_sanity_tests.E2E_OrderFlow_Test@63798ca7] output={null}]]]>
              </value>
            </param>
          </params>
          <reporter-output>
          </reporter-output>
        </test-method> <!-- tearDown -->
        <test-method is-config="true" signature="tearDownReport()[pri:0, instance:b_e2e_sanity_tests.E2E_OrderFlow_Test@63798ca7]" started-at="2026-04-29T15:33:06 IST" name="tearDownReport" finished-at="2026-04-29T15:33:06 IST" duration-ms="246" status="PASS">
          <reporter-output>
          </reporter-output>
        </test-method> <!-- tearDownReport -->
      </class> <!-- b_e2e_sanity_tests.E2E_OrderFlow_Test -->
    </test> <!-- Default test -->
  </suite> <!-- Default suite -->
</testng-results>
