<?xml version="1.0" encoding="UTF-8"?>
<!-- Generated by org.testng.reporters.JUnitReportReporter -->
<testsuite hostname="DESKTOP-EJ1PSRL" failures="0" tests="3" name="actualTests.A3_TrendingSearchTest" time="47.818" errors="2" timestamp="2026-04-21T17:23:24 IST" skipped="0">
  <testcase classname="actualTests.A3_TrendingSearchTest" name="verifyTrendingItemsAreDisplayed" time="10.460">
    <error message="element click intercepted: Element &lt;input type=&quot;text&quot; autocomplete=&quot;off&quot; placeholder=&quot;Search For Ch&quot; name=&quot;st&quot; id=&quot;st-search&quot; class=&quot;st-search-input&quot;&gt; is not clickable at point (724, 43). Other element would receive the click: &lt;iframe id=&quot;popup-iframe-open-3708580763402240&quot; srcdoc=&quot;
                  &amp;lt;style&amp;gt;
                    #u_body {
                      overflow: hidden !important;
                    }
                  &amp;lt;/style&amp;gt;

                  &amp;lt;div class=&amp;quot;u-popup-container&amp;quot;&amp;gt;  &amp;lt;div class=&amp;quot;u-popup-overlay&amp;quot;&amp;gt;&amp;lt;/div&amp;gt;

  
  &amp;lt;link href=&amp;quot;https://fonts.googleapis.com/css2?family=Poppins:wght@400;500;700&amp;amp;display=swap&amp;quot; rel=&amp;quot;stylesheet&amp;quot; type=&amp;quot;text/css&amp;quot;&amp;gt;
  

  

  
  &amp;lt;style type=&amp;quot;text/css&amp;quot;&amp;gt;
    
      .u-popup-container .u-row {
        display: flex;
        flex-wrap: nowrap;
        margin-left: 0;
        margin-right: 0;
      }

      .u-popup-container .u-row .u-col {
        position: relative;
        width: 100%;
        padding-right: 0;
        padding-left: 0;
      }

      
          .u-popup-container .u-row .u-col.u-col-100 {
            flex: 0 0 100%;
            max-width: 100%;
          }
        

      
            @media (max-width: 480px) {
              .u-popup-container .container {
                max-width: 100% !important;
              }

              .u-popup-container .u-row:not(.no-stack) {
                flex-wrap: wrap;
              }

              .u-popup-container .u-row:not(.no-stack) .u-col {
                flex: 0 0 100% !important;
                max-width: 100% !important;
              }
            }
          
    
.u-popup-container p{margin:0}.u-popup-container .error-field{-webkit-animation-duration:1s;animation-duration:1s;-webkit-animation-fill-mode:both;animation-fill-mode:both;-webkit-animation-name:shake;animation-name:shake}.u-popup-container .error-field input,.u-popup-container .error-field textarea{border-color:#a94442!important;color:#a94442!important}.u-popup-container .field-error{font-size:14px;font-weight:700;padding:5px 10px;position:absolute;right:10px;top:-20px}.u-popup-container .field-error:after{border:solid transparent;border-color:#ebcccc rgba(136,183,213,0) rgba(136,183,213,0);border-width:5px;content:&amp;quot; &amp;quot;;height:0;left:50%;margin-left:-5px;pointer-events:none;position:absolute;top:100%;width:0}.u-popup-container .spinner{margin:0 auto;text-align:center;width:70px}.u-popup-container .spinner&amp;gt;div{-webkit-animation:sk-bouncedelay 1.4s ease-in-out infinite both;animation:sk-bouncedelay 1.4s ease-in-out infinite both;background-color:hsla(0,0%,100%,.5);border-radius:100%;display:inline-block;height:12px;margin:0 2px;width:12px}.u-popup-container .spinner .bounce1{-webkit-animation-delay:-.32s;animation-delay:-.32s}.u-popup-container .spinner .bounce2{-webkit-animation-delay:-.16s;animation-delay:-.16s}@-webkit-keyframes sk-bouncedelay{0%,80%,to{-webkit-transform:scale(0)}40%{-webkit-transform:scale(1)}}@keyframes sk-bouncedelay{0%,80%,to{-webkit-transform:scale(0);transform:scale(0)}40%{-webkit-transform:scale(1);transform:scale(1)}}@-webkit-keyframes shake{0%,to{-webkit-transform:translateZ(0);transform:translateZ(0)}10%,30%,50%,70%,90%{-webkit-transform:translate3d(-10px,0,0);transform:translate3d(-10px,0,0)}20%,40%,60%,80%{-webkit-transform:translate3d(10px,0,0);transform:translate3d(10px,0,0)}}@keyframes shake{0%,to{-webkit-transform:translateZ(0);transform:translateZ(0)}10%,30%,50%,70%,90%{-webkit-transform:translate3d(-10px,0,0);transform:translate3d(-10px,0,0)}20%,40%,60%,80%{-webkit-transform:translate3d(10px,0,0);transform:translate3d(10px,0,0)}}.u-popup-container .container{--bs-gutter-x:0px;--bs-gutter-y:0;margin-left:auto;margin-right:auto;padding-left:calc(var(--bs-gutter-x)*.5);padding-right:calc(var(--bs-gutter-x)*.5);width:100%}.u-popup-container a[onclick]{cursor:pointer}


      

      
          @media (max-width: 480px) {
            .u-popup-container .hide-mobile {
              
              display: none !important;
            }
          }
          

          @media (min-width: 481px) {
            .u-popup-container .hide-desktop {
              
              display: none !important;
            }
          }
.u-popup-container a { color: #0000ee; text-decoration: underline; } .u-popup-container { position: absolute; left: 0; right: 0; bottom: 0; top: 0; display: flex; flex-direction: column; } .u-popup-container .u-popup-overlay { position: fixed; left: 0; right: 0; bottom: 0; top: 0; background-color: rgba(0, 0, 0, 0.1); z-index: 98; } .u-popup-container .u-popup-main { width: 100%; max-width: 360px; height: auto; margin: auto; z-index: 99; } .u-popup-container .u-popup-header, .u-popup-container .u-popup-footer { position: relative; width: 100%; max-width: 360px; margin: auto; } .u-popup-container .u-popup-content { height: 100%; overflow-y: inherit; } .u-popup-container .u-close-button { position: absolute; top: 0px; right: 0px; display: flex; flex-flow: column nowrap; justify-content: center; align-items: center; margin: 0px; padding: 0px; width: 40px; height: 40px; background-color: transparent; border: 0; border-radius: 0px; cursor: pointer; z-index: 99; } .u-popup-container .u-close-button .icon-cross { margin: 0; padding: 0; border: 0; background: none; position: relative; width: 20px; height: 20px; } .u-popup-container .u-close-button .icon-cross:before, .u-popup-container .u-close-button .icon-cross:after { content: &amp;quot;&amp;quot;; position: absolute; top: 8px; left: 0; right: 0; height: 3px; background-color: #00236f; border-radius: 6px; } .u-popup-container .u-close-button .icon-cross:before { transform: rotate(45deg); } .u-popup-container .u-close-button .icon-cross:after { transform: rotate(-45deg); } .inputWAWidget { display: flex; width: 93%; margin: auto; border: none; } .bitespeedCountryCode { padding-left: 14px; padding-right: 14px; border: none; border-bottom-left-radius: 5px; border-top-left-radius: 5px; outline: none; background-color: #e1e1e1; color: #000000; width: auto; max-width: 90px; cursor: pointer; font-size: 14px; font-weight: 400; font-family: &#039;Poppins&#039;, sans-serif; appearance: none; background-image: url(&amp;quot;data:image/svg+xml;charset=UTF-8,%3csvg xmlns=&#039;http://www.w3.org/2000/svg&#039; viewBox=&#039;0 0 24 24&#039; fill=&#039;none&#039; stroke=&#039;#000000&#039; stroke-width=&#039;2&#039; stroke-linecap=&#039;round&#039; stroke-linejoin=&#039;round&#039;%3e%3cpolyline points=&#039;6 9 12 15 18 9&#039;%3e%3c/polyline%3e%3c/svg%3e&amp;quot;); background-repeat: no-repeat; background-position: right 0.5rem center; background-size: 1em; } .bitespeedPhoneNumber { border-bottom-right-radius: 5px; border-top-right-radius: 5px; background-color: #ffffff; outline: none; flex: 1; font-size: 14px; border: 2px solid #d9d9d9; border-left: none; padding: 10px 20px; font-size: 14px; font-weight: 400; font-family: &#039;Poppins&#039;, sans-serif; color: #000000; width: 100%; } .bitespeedPhoneNumber::placeholder { font-size: 12px; text-align: center; color: #a1a1a1; font-weight: 500; font-size: 14px; font-weight: 400; font-family: &#039;Poppins&#039;, sans-serif; color: #a1a1a1; } .bitespeedNextButton { border: 1.5px Solid transparent; border-radius: 4px; background-color: #00236f; color: #fff; outline: none; font-size: 14px; font-weight: 400; font-family: &#039;Poppins&#039;, sans-serif; padding: 0px; height: 36px; min-height: 28px; width: 33%; margin: auto; } .bitespeedNextButton:hover { cursor: pointer; } @supports (-webkit-appearance: none) or (-moz-appearance: none) { .bspdGdprCheckboxWrapper input[type=&#039;checkbox&#039;] { --active: #275efe; --active-inner: #fff; --focus: 2px solid #275efe4d; --border: #bbc1e1; --border-hover: #275efe; -webkit-appearance: none; -moz-appearance: none; height: 21px; outline: none; display: inline-block; vertical-align: top; position: relative; margin: 0; cursor: pointer; background: var(--b, transparent); border: 1px solid var(--bc, var(--border)); transition: background 0.3s, border-color 0.3s, box-shadow 0.2s; } .bspdGdprCheckboxWrapper input[type=&#039;checkbox&#039;]:after { content: &#039;&#039;; display: block; left: 0; top: 0; position: absolute; transition: transform var(--d-t, 0.3s) var(--d-t-e, ease), opacity var(--d-o, 0.2s); } .bspdGdprCheckboxWrapper input[type=&#039;checkbox&#039;]:checked { --b: var(--active); --bc: var(--active); --d-o: 0.3s; --d-t: 0.6s; --d-t-e: cubic-bezier(0.2, 0.85, 0.32, 1.2); } .bspdGdprCheckboxWrapper input[type=&#039;checkbox&#039;]:focus { box-shadow: 0 0 0 var(--focus); } .bspdGdprCheckboxWrapper input[type=&#039;checkbox&#039;]:not(.switch) { width: 18px; height: 18px; } .bspdGdprCheckboxWrapper input[type=&#039;checkbox&#039;]:not(.switch):after { opacity: var(--o, 0); } .bspdGdprCheckboxWrapper input[type=&#039;checkbox&#039;]:not(.switch):checked { --o: 1; } .bspdGdprCheckboxWrapper input[type=&#039;checkbox&#039;]:not(.switch) { border-radius: 7px; } .bspdGdprCheckboxWrapper input[type=&#039;checkbox&#039;]:not(.switch):after { width: 5px; height: 9px; border: 2px solid var(--active-inner); border-top: 0; border-left: 0; left: 6px; top: 2px; transform: rotate(var(--r, 20deg)); } .bspdGdprCheckboxWrapper input[type=&#039;checkbox&#039;]:not(.switch):checked { --r: 43deg; } } .bspdGdprCheckboxWrapper *:before, .bspdGdprCheckboxWrapper *:after { box-sizing: inherit; }
  &amp;lt;/style&amp;gt;
  

  

  
&amp;lt;div class=&amp;quot;u-popup-main&amp;quot;&amp;gt;
  
    &amp;lt;div class=&amp;quot;u-popup-header&amp;quot;&amp;gt;
      
  &amp;lt;a href=&amp;quot;#&amp;quot; onClick=&amp;quot;parent.closePopupBitespeed(this)&amp;quot; class=&amp;quot;u-close-button&amp;quot;&amp;gt;
    &amp;lt;span class=&amp;quot;icon-cross&amp;quot;&amp;gt;&amp;lt;/span&amp;gt;
  &amp;lt;/a&amp;gt;

    &amp;lt;/div&amp;gt;
  

  &amp;lt;div class=&amp;quot;u-popup-content&amp;quot;&amp;gt;
    &amp;lt;div
      style=&amp;quot;display: flex; flex-direction: column; justify-content: flex-start;color: #000000;background-color: #FFFFFF;font-family: arial,helvetica,sans-serif; border-radius: 0px;&amp;quot;&amp;gt;
      
  &amp;lt;div style=&amp;quot;padding: 0px;&amp;quot;&amp;gt;
    &amp;lt;div class=&amp;quot;container&amp;quot; style=&amp;quot;max-width: 360px;margin: 0 auto 0 0;&amp;quot;&amp;gt;
      &amp;lt;div class=&amp;quot;u-row&amp;quot;&amp;gt;
        
&amp;lt;div class=&amp;quot;u-col u-col-100&amp;quot; style=&amp;quot;display:flex;border-top: 0px solid transparent;border-left: 0px solid transparent;border-right: 0px solid transparent;border-bottom: 0px solid transparent;border-radius: 0px;&amp;quot;&amp;gt;
  &amp;lt;div style=&amp;quot;width: 100%;padding:0px;&amp;quot;&amp;gt;
    
  &amp;lt;div style=&amp;quot;overflow-wrap: break-word;padding: 10px;&amp;quot;&amp;gt;
    
&amp;lt;div style=&amp;quot;position:relative;line-height:0px;text-align:center&amp;quot;&amp;gt;
  
  &amp;lt;img alt=&amp;quot;&amp;quot; src=&amp;quot;https://d3gebkrwz75l5r.cloudfront.net/uploads/glen-india.myshopify.com/popupMedia/1.jpeg-1757061807732.jpeg&amp;quot; style=&amp;quot;width: 100%;max-width: 340px;&amp;quot; title=&amp;quot;&amp;quot;/&amp;gt;
  
&amp;lt;/div&amp;gt;

  &amp;lt;/div&amp;gt;

  &amp;lt;div style=&amp;quot;overflow-wrap: break-word;padding: 10px;&amp;quot;&amp;gt;
    
&amp;lt;div style=&amp;quot;position:relative;line-height:0px;text-align:center&amp;quot;&amp;gt;
  
  &amp;lt;img alt=&amp;quot;&amp;quot; src=&amp;quot;https://d3gebkrwz75l5r.cloudfront.net/uploads/glen-india.myshopify.com/popupMedia/2.jpeg-1757061822540.jpeg&amp;quot; style=&amp;quot;width: 100%;max-width: 340px;&amp;quot; title=&amp;quot;&amp;quot;/&amp;gt;
  
&amp;lt;/div&amp;gt;

  &amp;lt;/div&amp;gt;

  &amp;lt;div style=&amp;quot;overflow-wrap: break-word;padding: 10px;&amp;quot;&amp;gt;
    
      
      &amp;lt;div class=&amp;quot;inputWAWidget&amp;quot;&amp;gt;
        &amp;lt;select id=&amp;quot;BiteSpeedDialCode&amp;quot; class=&amp;quot;bitespeedCountryCode&amp;quot;&amp;gt;
          &amp;lt;option style=&amp;quot;color : black;&amp;quot; selected value=&amp;quot;+91&amp;quot;&amp;gt;🇮🇳 +91&amp;lt;/option&amp;gt;&amp;lt;option style=&amp;quot;color : black;&amp;quot;  value=&amp;quot;+93&amp;quot;&amp;gt;🇦🇫 +93&amp;lt;/option&amp;gt;&amp;lt;option style=&amp;quot;color : black;&amp;quot;  value=&amp;quot;+355&amp;quot;&amp;gt;🇦🇱 +355&amp;lt;/option&amp;gt;&amp;lt;option style=&amp;quot;color : black;&amp;quot;  value=&amp;quot;+213&amp;quot;&amp;gt;🇩🇿 +213&amp;lt;/option&amp;gt;&amp;lt;option style=&amp;quot;color : black;&amp;quot;  value=&amp;quot;+1684&amp;quot;&amp;gt;🇦🇸 +1684&amp;lt;/option&amp;gt;&amp;lt;option style=&amp;quot;color : black;&amp;quot;  value=&amp;quot;+376&amp;quot;&amp;gt;🇦🇩 +376&amp;lt;/option&amp;gt;&amp;lt;option style=&amp;quot;color : black;&amp;quot;  value=&amp;quot;+244&amp;quot;&amp;gt;🇦🇴 +244&amp;lt;/option&amp;gt;&amp;lt;option style=&amp;quot;color : black;&amp;quot;  value=&amp;quot;+1264&amp;quot;&amp;gt;🇦🇮 +1264&amp;lt;/option&amp;gt;&amp;lt;option style=&amp;quot;color : black;&amp;quot;  value=&amp;quot;+672&amp;quot;&amp;gt;🇦🇶 +672&amp;lt;/option&amp;gt;&amp;lt;option style=&amp;quot;color : black;&amp;quot;  value=&amp;quot;+1268&amp;quot;&amp;gt;🇦🇬 +1268&amp;lt;/option&amp;gt;&amp;lt;option style=&amp;quot;color : black;&amp;quot;  value=&amp;quot;+54&amp;quot;&amp;gt;🇦🇷 +54&amp;lt;/option&amp;gt;&amp;lt;option style=&amp;quot;color : black;&amp;quot;  value=&amp;quot;+374&amp;quot;&amp;gt;🇦🇲 +374&amp;lt;/option&amp;gt;&amp;lt;option style=&amp;quot;color : black;&amp;quot;  value=&amp;quot;+297&amp;quot;&amp;gt;🇦🇼 +297&amp;lt;/option&amp;gt;&amp;lt;option style=&amp;quot;color : black;&amp;quot;  value=&amp;quot;+61&amp;quot;&amp;gt;🇦🇺 +61&amp;lt;/option&amp;gt;&amp;lt;option style=&amp;quot;color : black;&amp;quot;  value=&amp;quot;+43&amp;quot;&amp;gt;🇦🇹 +43&amp;lt;/option&amp;gt;&amp;lt;option style=&amp;quot;color : black;&amp;quot;  value=&amp;quot;+994&amp;quot;&amp;gt;🇦🇿 +994&amp;lt;/option&amp;gt;&amp;lt;option style=&amp;quot;color : black;&amp;quot;  value=&amp;quot;+1242&amp;quot;&amp;gt;🇧🇸 +1242&amp;lt;/option&amp;gt;&amp;lt;option style=&amp;quot;color : black;&amp;quot;  value=&amp;quot;+973&amp;quot;&amp;gt;🇧🇭 +973&amp;lt;/option&amp;gt;&amp;lt;option style=&amp;quot;color : black;&amp;quot;  value=&amp;quot;+880&amp;quot;&amp;gt;🇧🇩 +880&amp;lt;/option&amp;gt;&amp;lt;option style=&amp;quot;color : black;&amp;quot;  value=&amp;quot;+1246&amp;quot;&amp;gt;🇧🇧 +1246&amp;lt;/option&amp;gt;&amp;lt;option style=&amp;quot;color : black;&amp;quot;  value=&amp;quot;+375&amp;quot;&amp;gt;🇧🇾 +375&amp;lt;/option&amp;gt;&amp;lt;option style=&amp;quot;color : black;&amp;quot;  value=&amp;quot;+32&amp;quot;&amp;gt;🇧🇪 +32&amp;lt;/option&amp;gt;&amp;lt;option style=&amp;quot;color : black;&amp;quot;  value=&amp;quot;+501&amp;quot;&amp;gt;🇧🇿 +501&amp;lt;/option&amp;gt;&amp;lt;option style=&amp;quot;color : black;&amp;quot;  value=&amp;quot;+229&amp;quot;&amp;gt;🇧🇯 +229&amp;lt;/option&amp;gt;&amp;lt;option style=&amp;quot;color : black;&amp;quot;  value=&amp;quot;+1441&amp;quot;&amp;gt;🇧🇲 +1441&amp;lt;/option&amp;gt;&amp;lt;option style=&amp;quot;color : black;&amp;quot;  value=&amp;quot;+975&amp;quot;&amp;gt;🇧🇹 +975&amp;lt;/option&amp;gt;&amp;lt;option style=&amp;quot;color : black;&amp;quot;  value=&amp;quot;+591&amp;quot;&amp;gt;🇧🇴 +591&amp;lt;/option&amp;gt;&amp;lt;option style=&amp;quot;color : black;&amp;quot;  value=&amp;quot;+387&amp;quot;&amp;gt;🇧🇦 +387&amp;lt;/option&amp;gt;&amp;lt;option style=&amp;quot;color : black;&amp;quot;  value=&amp;quot;+267&amp;quot;&amp;gt;🇧🇼 +267&amp;lt;/option&amp;gt;&amp;lt;option style=&amp;quot;color : black;&amp;quot;  value=&amp;quot;+55&amp;quot;&amp;gt;🇧🇷 +55&amp;lt;/option&amp;gt;&amp;lt;option style=&amp;quot;color : black;&amp;quot;  value=&amp;quot;+246&amp;quot;&amp;gt;🇮🇴 +246&amp;lt;/option&amp;gt;&amp;lt;option style=&amp;quot;color : black;&amp;quot;  value=&amp;quot;+673&amp;quot;&amp;gt;🇧🇳 +673&amp;lt;/option&amp;gt;&amp;lt;option style=&amp;quot;color : black;&amp;quot;  value=&amp;quot;+359&amp;quot;&amp;gt;🇧🇬 +359&amp;lt;/option&amp;gt;&amp;lt;option style=&amp;quot;color : black;&amp;quot;  value=&amp;quot;+226&amp;quot;&amp;gt;🇧🇫 +226&amp;lt;/option&amp;gt;&amp;lt;option style=&amp;quot;color : black;&amp;quot;  value=&amp;quot;+257&amp;quot;&amp;gt;🇧🇮 +257&amp;lt;/option&amp;gt;&amp;lt;option style=&amp;quot;color : black;&amp;quot;  value=&amp;quot;+855&amp;quot;&amp;gt;🇰🇭 +855&amp;lt;/option&amp;gt;&amp;lt;option style=&amp;quot;color : black;&amp;quot;  value=&amp;quot;+237&amp;quot;&amp;gt;🇨🇲 +237&amp;lt;/option&amp;gt;&amp;lt;option style=&amp;quot;color : black;&amp;quot;  value=&amp;quot;+1&amp;quot;&amp;gt;🇨🇦 +1&amp;lt;/option&amp;gt;&amp;lt;option style=&amp;quot;color : black;&amp;quot;  value=&amp;quot;+238&amp;quot;&amp;gt;🇨🇻 +238&amp;lt;/option&amp;gt;&amp;lt;option style=&amp;quot;color : black;&amp;quot;  value=&amp;quot;+345&amp;quot;&amp;gt;🇰🇾 +345&amp;lt;/option&amp;gt;&amp;lt;option style=&amp;quot;color : black;&amp;quot;  value=&amp;quot;+236&amp;quot;&amp;gt;🇨🇫 +236&amp;lt;/option&amp;gt;&amp;lt;option style=&amp;quot;color : black;&amp;quot;  value=&amp;quot;+235&amp;quot;&amp;gt;🇹🇩 +235&amp;lt;/option&amp;gt;&amp;lt;option style=&amp;quot;color : black;&amp;quot;  value=&amp;quot;+56&amp;quot;&amp;gt;🇨🇱 +56&amp;lt;/option&amp;gt;&amp;lt;option style=&amp;quot;color : black;&amp;quot;  value=&amp;quot;+86&amp;quot;&amp;gt;🇨🇳 +86&amp;lt;/option&amp;gt;&amp;lt;option style=&amp;quot;color : black;&amp;quot;  value=&amp;quot;+61&amp;quot;&amp;gt;🇨🇽 +61&amp;lt;/option&amp;gt;&amp;lt;option style=&amp;quot;color : black;&amp;quot;  value=&amp;quot;+61&amp;quot;&amp;gt;🇨🇨 +61&amp;lt;/option&amp;gt;&amp;lt;option style=&amp;quot;color : black;&amp;quot;  value=&amp;quot;+57&amp;quot;&amp;gt;🇨🇴 +57&amp;lt;/option&amp;gt;&amp;lt;option style=&amp;quot;color : black;&amp;quot;  value=&amp;quot;+269&amp;quot;&amp;gt;🇰🇲 +269&amp;lt;/option&amp;gt;&amp;lt;option style=&amp;quot;color : black;&amp;quot;  value=&amp;quot;+242&amp;quot;&amp;gt;🇨🇬 +242&amp;lt;/option&amp;gt;&amp;lt;option style=&amp;quot;color : black;&amp;quot;  value=&amp;quot;+243&amp;quot;&amp;gt;🇨🇩 +243&amp;lt;/option&amp;gt;&amp;lt;option style=&amp;quot;color : black;&amp;quot;  value=&amp;quot;+682&amp;quot;&amp;gt;🇨🇰 +682&amp;lt;/option&amp;gt;&amp;lt;option style=&amp;quot;color : black;&amp;quot;  value=&amp;quot;+506&amp;quot;&amp;gt;🇨🇷 +506&amp;lt;/option&amp;gt;&amp;lt;option style=&amp;quot;color : black;&amp;quot;  value=&amp;quot;+225&amp;quot;&amp;gt;🇨🇮 +225&amp;lt;/option&amp;gt;&amp;lt;option style=&amp;quot;color : black;&amp;quot;  value=&amp;quot;+385&amp;quot;&amp;gt;🇭🇷 +385&amp;lt;/option&amp;gt;&amp;lt;option style=&amp;quot;color : black;&amp;quot;  value=&amp;quot;+53&amp;quot;&amp;gt;🇨🇺 +53&amp;lt;/option&amp;gt;&amp;lt;option style=&amp;quot;color : black;&amp;quot;  value=&amp;quot;+357&amp;quot;&amp;gt;🇨🇾 +357&amp;lt;/option&amp;gt;&amp;lt;option style=&amp;quot;color : black;&amp;quot;  value=&amp;quot;+420&amp;quot;&amp;gt;🇨🇿 +420&amp;lt;/option&amp;gt;&amp;lt;option style=&amp;quot;color : black;&amp;quot;  value=&amp;quot;+45&amp;quot;&amp;gt;🇩🇰 +45&amp;lt;/option&amp;gt;&amp;lt;option style=&amp;quot;color : black;&amp;quot;  value=&amp;quot;+253&amp;quot;&amp;gt;🇩🇯 +253&amp;lt;/option&amp;gt;&amp;lt;option style=&amp;quot;color : black;&amp;quot;  value=&amp;quot;+1767&amp;quot;&amp;gt;🇩🇲 +1767&amp;lt;/option&amp;gt;&amp;lt;option style=&amp;quot;color : black;&amp;quot;  value=&amp;quot;+1849&amp;quot;&amp;gt;🇩🇴 +1849&amp;lt;/option&amp;gt;&amp;lt;option style=&amp;quot;color : black;&amp;quot;  value=&amp;quot;+593&amp;quot;&amp;gt;🇪🇨 +593&amp;lt;/option&amp;gt;&amp;lt;option style=&amp;quot;color : black;&amp;quot;  value=&amp;quot;+20&amp;quot;&amp;gt;🇪🇬 +20&amp;lt;/option&amp;gt;&amp;lt;option style=&amp;quot;color : black;&amp;quot;  value=&amp;quot;+503&amp;quot;&amp;gt;🇸🇻 +503&amp;lt;/option&amp;gt;&amp;lt;option style=&amp;quot;color : black;&amp;quot;  value=&amp;quot;+240&amp;quot;&amp;gt;🇬🇶 +240&amp;lt;/option&amp;gt;&amp;lt;option style=&amp;quot;color : black;&amp;quot;  value=&amp;quot;+291&amp;quot;&amp;gt;🇪🇷 +291&amp;lt;/option&amp;gt;&amp;lt;option style=&amp;quot;color : black;&amp;quot;  value=&amp;quot;+372&amp;quot;&amp;gt;🇪🇪 +372&amp;lt;/option&amp;gt;&amp;lt;option style=&amp;quot;color : black;&amp;quot;  value=&amp;quot;+251&amp;quot;&amp;gt;🇪🇹 +251&amp;lt;/option&amp;gt;&amp;lt;option style=&amp;quot;color : black;&amp;quot;  value=&amp;quot;+500&amp;quot;&amp;gt;🇫🇰 +500&amp;lt;/option&amp;gt;&amp;lt;option style=&amp;quot;color : black;&amp;quot;  value=&amp;quot;+298&amp;quot;&amp;gt;🇫🇴 +298&amp;lt;/option&amp;gt;&amp;lt;option style=&amp;quot;color : black;&amp;quot;  value=&amp;quot;+679&amp;quot;&amp;gt;🇫🇯 +679&amp;lt;/option&amp;gt;&amp;lt;option style=&amp;quot;color : black;&amp;quot;  value=&amp;quot;+358&amp;quot;&amp;gt;🇫🇮 +358&amp;lt;/option&amp;gt;&amp;lt;option style=&amp;quot;color : black;&amp;quot;  value=&amp;quot;+33&amp;quot;&amp;gt;🇫🇷 +33&amp;lt;/option&amp;gt;&amp;lt;option style=&amp;quot;color : black;&amp;quot;  value=&amp;quot;+594&amp;quot;&amp;gt;🇬🇫 +594&amp;lt;/option&amp;gt;&amp;lt;option style=&amp;quot;color : black;&amp;quot;  value=&amp;quot;+689&amp;quot;&amp;gt;🇵🇫 +689&amp;lt;/option&amp;gt;&amp;lt;option style=&amp;quot;color : black;&amp;quot;  value=&amp;quot;+241&amp;quot;&amp;gt;🇬🇦 +241&amp;lt;/option&amp;gt;&amp;lt;option style=&amp;quot;color : black;&amp;quot;  value=&amp;quot;+220&amp;quot;&amp;gt;🇬🇲 +220&amp;lt;/option&amp;gt;&amp;lt;option style=&amp;quot;color : black;&amp;quot;  value=&amp;quot;+995&amp;quot;&amp;gt;🇬🇪 +995&amp;lt;/option&amp;gt;&amp;lt;option style=&amp;quot;color : black;&amp;quot;  value=&amp;quot;+49&amp;quot;&amp;gt;🇩🇪 +49&amp;lt;/option&amp;gt;&amp;lt;option style=&amp;quot;color : black;&amp;quot;  value=&amp;quot;+233&amp;quot;&amp;gt;🇬🇭 +233&amp;lt;/option&amp;gt;&amp;lt;option style=&amp;quot;color : black;&amp;quot;  value=&amp;quot;+350&amp;quot;&amp;gt;🇬🇮 +350&amp;lt;/option&amp;gt;&amp;lt;option style=&amp;quot;color : black;&amp;quot;  value=&amp;quot;+30&amp;quot;&amp;gt;🇬🇷 +30&amp;lt;/option&amp;gt;&amp;lt;option style=&amp;quot;color : black;&amp;quot;  value=&amp;quot;+299&amp;quot;&amp;gt;🇬🇱 +299&amp;lt;/option&amp;gt;&amp;lt;option style=&amp;quot;color : black;&amp;quot;  value=&amp;quot;+1473&amp;quot;&amp;gt;🇬🇩 +1473&amp;lt;/option&amp;gt;&amp;lt;option style=&amp;quot;color : black;&amp;quot;  value=&amp;quot;+590&amp;quot;&amp;gt;🇬🇵 +590&amp;lt;/option&amp;gt;&amp;lt;option style=&amp;quot;color : black;&amp;quot;  value=&amp;quot;+1671&amp;quot;&amp;gt;🇬🇺 +1671&amp;lt;/option&amp;gt;&amp;lt;option style=&amp;quot;color : black;&amp;quot;  value=&amp;quot;+502&amp;quot;&amp;gt;🇬🇹 +502&amp;lt;/option&amp;gt;&amp;lt;option style=&amp;quot;color : black;&amp;quot;  value=&amp;quot;+44&amp;quot;&amp;gt;🇬🇬 +44&amp;lt;/option&amp;gt;&amp;lt;option style=&amp;quot;color : black;&amp;quot;  value=&amp;quot;+224&amp;quot;&amp;gt;🇬🇳 +224&amp;lt;/option&amp;gt;&amp;lt;option style=&amp;quot;color : black;&amp;quot;  value=&amp;quot;+245&amp;quot;&amp;gt;🇬🇼 +245&amp;lt;/option&amp;gt;&amp;lt;option style=&amp;quot;color : black;&amp;quot;  value=&amp;quot;+592&amp;quot;&amp;gt;🇬🇾 +592&amp;lt;/option&amp;gt;&amp;lt;option style=&amp;quot;color : black;&amp;quot;  value=&amp;quot;+509&amp;quot;&amp;gt;🇭🇹 +509&amp;lt;/option&amp;gt;&amp;lt;option style=&amp;quot;color : black;&amp;quot;  value=&amp;quot;+379&amp;quot;&amp;gt;🇻🇦 +379&amp;lt;/option&amp;gt;&amp;lt;option style=&amp;quot;color : black;&amp;quot;  value=&amp;quot;+504&amp;quot;&amp;gt;🇭🇳 +504&amp;lt;/option&amp;gt;&amp;lt;option style=&amp;quot;color : black;&amp;quot;  value=&amp;quot;+852&amp;quot;&amp;gt;🇭🇰 +852&amp;lt;/option&amp;gt;&amp;lt;option style=&amp;quot;color : black;&amp;quot;  value=&amp;quot;+36&amp;quot;&amp;gt;🇭🇺 +36&amp;lt;/option&amp;gt;&amp;lt;option style=&amp;quot;color : black;&amp;quot;  value=&amp;quot;+354&amp;quot;&amp;gt;🇮🇸 +354&amp;lt;/option&amp;gt;&amp;lt;option style=&amp;quot;color : black;&amp;quot;  value=&amp;quot;+62&amp;quot;&amp;gt;🇮🇩 +62&amp;lt;/option&amp;gt;&amp;lt;option style=&amp;quot;color : black;&amp;quot;  value=&amp;quot;+98&amp;quot;&amp;gt;🇮🇷 +98&amp;lt;/option&amp;gt;&amp;lt;option style=&amp;quot;color : black;&amp;quot;  value=&amp;quot;+964&amp;quot;&amp;gt;🇮🇶 +964&amp;lt;/option&amp;gt;&amp;lt;option style=&amp;quot;color : black;&amp;quot;  value=&amp;quot;+353&amp;quot;&amp;gt;🇮🇪 +353&amp;lt;/option&amp;gt;&amp;lt;option style=&amp;quot;color : black;&amp;quot;  value=&amp;quot;+44&amp;quot;&amp;gt;🇮🇲 +44&amp;lt;/option&amp;gt;&amp;lt;option style=&amp;quot;color : black;&amp;quot;  value=&amp;quot;+972&amp;quot;&amp;gt;🇮🇱 +972&amp;lt;/option&amp;gt;&amp;lt;option style=&amp;quot;color : black;&amp;quot;  value=&amp;quot;+39&amp;quot;&amp;gt;🇮🇹 +39&amp;lt;/option&amp;gt;&amp;lt;option style=&amp;quot;color : black;&amp;quot;  value=&amp;quot;+1876&amp;quot;&amp;gt;🇯🇲 +1876&amp;lt;/option&amp;gt;&amp;lt;option style=&amp;quot;color : black;&amp;quot;  value=&amp;quot;+81&amp;quot;&amp;gt;🇯🇵 +81&amp;lt;/option&amp;gt;&amp;lt;option style=&amp;quot;color : black;&amp;quot;  value=&amp;quot;+44&amp;quot;&amp;gt;🇯🇪 +44&amp;lt;/option&amp;gt;&amp;lt;option style=&amp;quot;color : black;&amp;quot;  value=&amp;quot;+962&amp;quot;&amp;gt;🇯🇴 +962&amp;lt;/option&amp;gt;&amp;lt;option style=&amp;quot;color : black;&amp;quot;  value=&amp;quot;+77&amp;quot;&amp;gt;🇰🇿 +77&amp;lt;/option&amp;gt;&amp;lt;option style=&amp;quot;color : black;&amp;quot;  value=&amp;quot;+254&amp;quot;&amp;gt;🇰🇪 +254&amp;lt;/option&amp;gt;&amp;lt;option style=&amp;quot;color : black;&amp;quot;  value=&amp;quot;+686&amp;quot;&amp;gt;🇰🇮 +686&amp;lt;/option&amp;gt;&amp;lt;option style=&amp;quot;color : black;&amp;quot;  value=&amp;quot;+850&amp;quot;&amp;gt;🇰🇵 +850&amp;lt;/option&amp;gt;&amp;lt;option style=&amp;quot;color : black;&amp;quot;  value=&amp;quot;+82&amp;quot;&amp;gt;🇰🇷 +82&amp;lt;/option&amp;gt;&amp;lt;option style=&amp;quot;color : black;&amp;quot;  value=&amp;quot;+965&amp;quot;&amp;gt;🇰🇼 +965&amp;lt;/option&amp;gt;&amp;lt;option style=&amp;quot;color : black;&amp;quot;  value=&amp;quot;+996&amp;quot;&amp;gt;🇰🇬 +996&amp;lt;/option&amp;gt;&amp;lt;option style=&amp;quot;color : black;&amp;quot;  value=&amp;quot;+856&amp;quot;&amp;gt;🇱🇦 +856&amp;lt;/option&amp;gt;&amp;lt;option style=&amp;quot;color : black;&amp;quot;  value=&amp;quot;+371&amp;quot;&amp;gt;🇱🇻 +371&amp;lt;/option&amp;gt;&amp;lt;option style=&amp;quot;color : black;&amp;quot;  value=&amp;quot;+961&amp;quot;&amp;gt;🇱🇧 +961&amp;lt;/option&amp;gt;&amp;lt;option style=&amp;quot;color : black;&amp;quot;  value=&amp;quot;+266&amp;quot;&amp;gt;🇱🇸 +266&amp;lt;/option&amp;gt;&amp;lt;option style=&amp;quot;color : black;&amp;quot;  value=&amp;quot;+231&amp;quot;&amp;gt;🇱🇷 +231&amp;lt;/option&amp;gt;&amp;lt;option style=&amp;quot;color : black;&amp;quot;  value=&amp;quot;+218&amp;quot;&amp;gt;🇱🇾 +218&amp;lt;/option&amp;gt;&amp;lt;option style=&amp;quot;color : black;&amp;quot;  value=&amp;quot;+423&amp;quot;&amp;gt;🇱🇮 +423&amp;lt;/option&amp;gt;&amp;lt;option style=&amp;quot;color : black;&amp;quot;  value=&amp;quot;+370&amp;quot;&amp;gt;🇱🇹 +370&amp;lt;/option&amp;gt;&amp;lt;option style=&amp;quot;color : black;&amp;quot;  value=&amp;quot;+352&amp;quot;&amp;gt;🇱🇺 +352&amp;lt;/option&amp;gt;&amp;lt;option style=&amp;quot;color : black;&amp;quot;  value=&amp;quot;+853&amp;quot;&amp;gt;🇲🇴 +853&amp;lt;/option&amp;gt;&amp;lt;option style=&amp;quot;color : black;&amp;quot;  value=&amp;quot;+389&amp;quot;&amp;gt;🇲🇰 +389&amp;lt;/option&amp;gt;&amp;lt;option style=&amp;quot;color : black;&amp;quot;  value=&amp;quot;+261&amp;quot;&amp;gt;🇲🇬 +261&amp;lt;/option&amp;gt;&amp;lt;option style=&amp;quot;color : black;&amp;quot;  value=&amp;quot;+265&amp;quot;&amp;gt;🇲🇼 +265&amp;lt;/option&amp;gt;&amp;lt;option style=&amp;quot;color : black;&amp;quot;  value=&amp;quot;+60&amp;quot;&amp;gt;🇲🇾 +60&amp;lt;/option&amp;gt;&amp;lt;option style=&amp;quot;color : black;&amp;quot;  value=&amp;quot;+960&amp;quot;&amp;gt;🇲🇻 +960&amp;lt;/option&amp;gt;&amp;lt;option style=&amp;quot;color : black;&amp;quot;  value=&amp;quot;+223&amp;quot;&amp;gt;🇲🇱 +223&amp;lt;/option&amp;gt;&amp;lt;option style=&amp;quot;color : black;&amp;quot;  value=&amp;quot;+356&amp;quot;&amp;gt;🇲🇹 +356&amp;lt;/option&amp;gt;&amp;lt;option style=&amp;quot;color : black;&amp;quot;  value=&amp;quot;+692&amp;quot;&amp;gt;🇲🇭 +692&amp;lt;/option&amp;gt;&amp;lt;option style=&amp;quot;color : black;&amp;quot;  value=&amp;quot;+596&amp;quot;&amp;gt;🇲🇶 +596&amp;lt;/option&amp;gt;&amp;lt;option style=&amp;quot;color : black;&amp;quot;  value=&amp;quot;+222&amp;quot;&amp;gt;🇲🇷 +222&amp;lt;/option&amp;gt;&amp;lt;option style=&amp;quot;color : black;&amp;quot;  value=&amp;quot;+230&amp;quot;&amp;gt;🇲🇺 +230&amp;lt;/option&amp;gt;&amp;lt;option style=&amp;quot;color : black;&amp;quot;  value=&amp;quot;+262&amp;quot;&amp;gt;🇾🇹 +262&amp;lt;/option&amp;gt;&amp;lt;option style=&amp;quot;color : black;&amp;quot;  value=&amp;quot;+52&amp;quot;&amp;gt;🇲🇽 +52&amp;lt;/option&amp;gt;&amp;lt;option style=&amp;quot;color : black;&amp;quot;  value=&amp;quot;+691&amp;quot;&amp;gt;🇫🇲 +691&amp;lt;/option&amp;gt;&amp;lt;option style=&amp;quot;color : black;&amp;quot;  value=&amp;quot;+373&amp;quot;&amp;gt;🇲🇩 +373&amp;lt;/option&amp;gt;&amp;lt;option style=&amp;quot;color : black;&amp;quot;  value=&amp;quot;+377&amp;quot;&amp;gt;🇲🇨 +377&amp;lt;/option&amp;gt;&amp;lt;option style=&amp;quot;color : black;&amp;quot;  value=&amp;quot;+976&amp;quot;&amp;gt;🇲🇳 +976&amp;lt;/option&amp;gt;&amp;lt;option style=&amp;quot;color : black;&amp;quot;  value=&amp;quot;+382&amp;quot;&amp;gt;🇲🇪 +382&amp;lt;/option&amp;gt;&amp;lt;option style=&amp;quot;color : black;&amp;quot;  value=&amp;quot;+1664&amp;quot;&amp;gt;🇲🇸 +1664&amp;lt;/option&amp;gt;&amp;lt;option style=&amp;quot;color : black;&amp;quot;  value=&amp;quot;+212&amp;quot;&amp;gt;🇲🇦 +212&amp;lt;/option&amp;gt;&amp;lt;option style=&amp;quot;color : black;&amp;quot;  value=&amp;quot;+258&amp;quot;&amp;gt;🇲🇿 +258&amp;lt;/option&amp;gt;&amp;lt;option style=&amp;quot;color : black;&amp;quot;  value=&amp;quot;+95&amp;quot;&amp;gt;🇲🇲 +95&amp;lt;/option&amp;gt;&amp;lt;option style=&amp;quot;color : black;&amp;quot;  value=&amp;quot;+264&amp;quot;&amp;gt;🇳🇦 +264&amp;lt;/option&amp;gt;&amp;lt;option style=&amp;quot;color : black;&amp;quot;  value=&amp;quot;+674&amp;quot;&amp;gt;🇳🇷 +674&amp;lt;/option&amp;gt;&amp;lt;option style=&amp;quot;color : black;&amp;quot;  value=&amp;quot;+977&amp;quot;&amp;gt;🇳🇵 +977&amp;lt;/option&amp;gt;&amp;lt;option style=&amp;quot;color : black;&amp;quot;  value=&amp;quot;+31&amp;quot;&amp;gt;🇳🇱 +31&amp;lt;/option&amp;gt;&amp;lt;option style=&amp;quot;color : black;&amp;quot;  value=&amp;quot;+599&amp;quot;&amp;gt;🇦🇳 +599&amp;lt;/option&amp;gt;&amp;lt;option style=&amp;quot;color : black;&amp;quot;  value=&amp;quot;+687&amp;quot;&amp;gt;🇳🇨 +687&amp;lt;/option&amp;gt;&amp;lt;option style=&amp;quot;color : black;&amp;quot;  value=&amp;quot;+64&amp;quot;&amp;gt;🇳🇿 +64&amp;lt;/option&amp;gt;&amp;lt;option style=&amp;quot;color : black;&amp;quot;  value=&amp;quot;+505&amp;quot;&amp;gt;🇳🇮 +505&amp;lt;/option&amp;gt;&amp;lt;option style=&amp;quot;color : black;&amp;quot;  value=&amp;quot;+227&amp;quot;&amp;gt;🇳🇪 +227&amp;lt;/option&amp;gt;&amp;lt;option style=&amp;quot;color : black;&amp;quot;  value=&amp;quot;+234&amp;quot;&amp;gt;🇳🇬 +234&amp;lt;/option&amp;gt;&amp;lt;option style=&amp;quot;color : black;&amp;quot;  value=&amp;quot;+683&amp;quot;&amp;gt;🇳🇺 +683&amp;lt;/option&amp;gt;&amp;lt;option style=&amp;quot;color : black;&amp;quot;  value=&amp;quot;+672&amp;quot;&amp;gt;🇳🇫 +672&amp;lt;/option&amp;gt;&amp;lt;option style=&amp;quot;color : black;&amp;quot;  value=&amp;quot;+1670&amp;quot;&amp;gt;🇲🇵 +1670&amp;lt;/option&amp;gt;&amp;lt;option style=&amp;quot;color : black;&amp;quot;  value=&amp;quot;+47&amp;quot;&amp;gt;🇳🇴 +47&amp;lt;/option&amp;gt;&amp;lt;option style=&amp;quot;color : black;&amp;quot;  value=&amp;quot;+968&amp;quot;&amp;gt;🇴🇲 +968&amp;lt;/option&amp;gt;&amp;lt;option style=&amp;quot;color : black;&amp;quot;  value=&amp;quot;+92&amp;quot;&amp;gt;🇵🇰 +92&amp;lt;/option&amp;gt;&amp;lt;option style=&amp;quot;color : black;&amp;quot;  value=&amp;quot;+680&amp;quot;&amp;gt;🇵🇼 +680&amp;lt;/option&amp;gt;&amp;lt;option style=&amp;quot;color : black;&amp;quot;  value=&amp;quot;+970&amp;quot;&amp;gt;🇵🇸 +970&amp;lt;/option&amp;gt;&amp;lt;option style=&amp;quot;color : black;&amp;quot;  value=&amp;quot;+507&amp;quot;&amp;gt;🇵🇦 +507&amp;lt;/option&amp;gt;&amp;lt;option style=&amp;quot;color : black;&amp;quot;  value=&amp;quot;+675&amp;quot;&amp;gt;🇵🇬 +675&amp;lt;/option&amp;gt;&amp;lt;option style=&amp;quot;color : black;&amp;quot;  value=&amp;quot;+595&amp;quot;&amp;gt;🇵🇾 +595&amp;lt;/option&amp;gt;&amp;lt;option style=&amp;quot;color : black;&amp;quot;  value=&amp;quot;+51&amp;quot;&amp;gt;🇵🇪 +51&amp;lt;/option&amp;gt;&amp;lt;option style=&amp;quot;color : black;&amp;quot;  value=&amp;quot;+63&amp;quot;&amp;gt;🇵🇭 +63&amp;lt;/option&amp;gt;&amp;lt;option style=&amp;quot;color : black;&amp;quot;  value=&amp;quot;+872&amp;quot;&amp;gt;🇵🇳 +872&amp;lt;/option&amp;gt;&amp;lt;option style=&amp;quot;color : black;&amp;quot;  value=&amp;quot;+48&amp;quot;&amp;gt;🇵🇱 +48&amp;lt;/option&amp;gt;&amp;lt;option style=&amp;quot;color : black;&amp;quot;  value=&amp;quot;+351&amp;quot;&amp;gt;🇵🇹 +351&amp;lt;/option&amp;gt;&amp;lt;option style=&amp;quot;color : black;&amp;quot;  value=&amp;quot;+1939&amp;quot;&amp;gt;🇵🇷 +1939&amp;lt;/option&amp;gt;&amp;lt;option style=&amp;quot;color : black;&amp;quot;  value=&amp;quot;+974&amp;quot;&amp;gt;🇶🇦 +974&amp;lt;/option&amp;gt;&amp;lt;option style=&amp;quot;color : black;&amp;quot;  value=&amp;quot;+40&amp;quot;&amp;gt;🇷🇴 +40&amp;lt;/option&amp;gt;&amp;lt;option style=&amp;quot;color : black;&amp;quot;  value=&amp;quot;+7&amp;quot;&amp;gt;🇷🇺 +7&amp;lt;/option&amp;gt;&amp;lt;option style=&amp;quot;color : black;&amp;quot;  value=&amp;quot;+250&amp;quot;&amp;gt;🇷🇼 +250&amp;lt;/option&amp;gt;&amp;lt;option style=&amp;quot;color : black;&amp;quot;  value=&amp;quot;+262&amp;quot;&amp;gt;🇷🇪 +262&amp;lt;/option&amp;gt;&amp;lt;option style=&amp;quot;color : black;&amp;quot;  value=&amp;quot;+590&amp;quot;&amp;gt;🇧🇱 +590&amp;lt;/option&amp;gt;&amp;lt;option style=&amp;quot;color : black;&amp;quot;  value=&amp;quot;+290&amp;quot;&amp;gt;🇸🇭 +290&amp;lt;/option&amp;gt;&amp;lt;option style=&amp;quot;color : black;&amp;quot;  value=&amp;quot;+1869&amp;quot;&amp;gt;🇰🇳 +1869&amp;lt;/option&amp;gt;&amp;lt;option style=&amp;quot;color : black;&amp;quot;  value=&amp;quot;+1758&amp;quot;&amp;gt;🇱🇨 +1758&amp;lt;/option&amp;gt;&amp;lt;option style=&amp;quot;color : black;&amp;quot;  value=&amp;quot;+590&amp;quot;&amp;gt;🇲🇫 +590&amp;lt;/option&amp;gt;&amp;lt;option style=&amp;quot;color : black;&amp;quot;  value=&amp;quot;+508&amp;quot;&amp;gt;🇵🇲 +508&amp;lt;/option&amp;gt;&amp;lt;option style=&amp;quot;color : black;&amp;quot;  value=&amp;quot;+1784&amp;quot;&amp;gt;🇻🇨 +1784&amp;lt;/option&amp;gt;&amp;lt;option style=&amp;quot;color : black;&amp;quot;  value=&amp;quot;+685&amp;quot;&amp;gt;🇼🇸 +685&amp;lt;/option&amp;gt;&amp;lt;option style=&amp;quot;color : black;&amp;quot;  value=&amp;quot;+378&amp;quot;&amp;gt;🇸🇲 +378&amp;lt;/option&amp;gt;&amp;lt;option style=&amp;quot;color : black;&amp;quot;  value=&amp;quot;+239&amp;quot;&amp;gt;🇸🇹 +239&amp;lt;/option&amp;gt;&amp;lt;option style=&amp;quot;color : black;&amp;quot;  value=&amp;quot;+966&amp;quot;&amp;gt;🇸🇦 +966&amp;lt;/option&amp;gt;&amp;lt;option style=&amp;quot;color : black;&amp;quot;  value=&amp;quot;+221&amp;quot;&amp;gt;🇸🇳 +221&amp;lt;/option&amp;gt;&amp;lt;option style=&amp;quot;color : black;&amp;quot;  value=&amp;quot;+381&amp;quot;&amp;gt;🇷🇸 +381&amp;lt;/option&amp;gt;&amp;lt;option style=&amp;quot;color : black;&amp;quot;  value=&amp;quot;+248&amp;quot;&amp;gt;🇸🇨 +248&amp;lt;/option&amp;gt;&amp;lt;option style=&amp;quot;color : black;&amp;quot;  value=&amp;quot;+232&amp;quot;&amp;gt;🇸🇱 +232&amp;lt;/option&amp;gt;&amp;lt;option style=&amp;quot;color : black;&amp;quot;  value=&amp;quot;+65&amp;quot;&amp;gt;🇸🇬 +65&amp;lt;/option&amp;gt;&amp;lt;option style=&amp;quot;color : black;&amp;quot;  value=&amp;quot;+421&amp;quot;&amp;gt;🇸🇰 +421&amp;lt;/option&amp;gt;&amp;lt;option style=&amp;quot;color : black;&amp;quot;  value=&amp;quot;+386&amp;quot;&amp;gt;🇸🇮 +386&amp;lt;/option&amp;gt;&amp;lt;option style=&amp;quot;color : black;&amp;quot;  value=&amp;quot;+677&amp;quot;&amp;gt;🇸🇧 +677&amp;lt;/option&amp;gt;&amp;lt;option style=&amp;quot;color : black;&amp;quot;  value=&amp;quot;+252&amp;quot;&amp;gt;🇸🇴 +252&amp;lt;/option&amp;gt;&amp;lt;option style=&amp;quot;color : black;&amp;quot;  value=&amp;quot;+27&amp;quot;&amp;gt;🇿🇦 +27&amp;lt;/option&amp;gt;&amp;lt;option style=&amp;quot;color : black;&amp;quot;  value=&amp;quot;+500&amp;quot;&amp;gt;🇬🇸 +500&amp;lt;/option&amp;gt;&amp;lt;option style=&amp;quot;color : black;&amp;quot;  value=&amp;quot;+34&amp;quot;&amp;gt;🇪🇸 +34&amp;lt;/option&amp;gt;&amp;lt;option style=&amp;quot;color : black;&amp;quot;  value=&amp;quot;+94&amp;quot;&amp;gt;🇱🇰 +94&amp;lt;/option&amp;gt;&amp;lt;option style=&amp;quot;color : black;&amp;quot;  value=&amp;quot;+249&amp;quot;&amp;gt;🇸🇩 +249&amp;lt;/option&amp;gt;&amp;lt;option style=&amp;quot;color : black;&amp;quot;  value=&amp;quot;+211&amp;quot;&amp;gt;🇸🇸 +211&amp;lt;/option&amp;gt;&amp;lt;option style=&amp;quot;color : black;&amp;quot;  value=&amp;quot;+597&amp;quot;&amp;gt;🇸🇷 +597&amp;lt;/option&amp;gt;&amp;lt;option style=&amp;quot;color : black;&amp;quot;  value=&amp;quot;+47&amp;quot;&amp;gt;🇸🇯 +47&amp;lt;/option&amp;gt;&amp;lt;option style=&amp;quot;color : black;&amp;quot;  value=&amp;quot;+268&amp;quot;&amp;gt;🇸🇿 +268&amp;lt;/option&amp;gt;&amp;lt;option style=&amp;quot;color : black;&amp;quot;  value=&amp;quot;+46&amp;quot;&amp;gt;🇸🇪 +46&amp;lt;/option&amp;gt;&amp;lt;option style=&amp;quot;color : black;&amp;quot;  value=&amp;quot;+41&amp;quot;&amp;gt;🇨🇭 +41&amp;lt;/option&amp;gt;&amp;lt;option style=&amp;quot;color : black;&amp;quot;  value=&amp;quot;+963&amp;quot;&amp;gt;🇸🇾 +963&amp;lt;/option&amp;gt;&amp;lt;option style=&amp;quot;color : black;&amp;quot;  value=&amp;quot;+886&amp;quot;&amp;gt;🇹🇼 +886&amp;lt;/option&amp;gt;&amp;lt;option style=&amp;quot;color : black;&amp;quot;  value=&amp;quot;+992&amp;quot;&amp;gt;🇹🇯 +992&amp;lt;/option&amp;gt;&amp;lt;option style=&amp;quot;color : black;&amp;quot;  value=&amp;quot;+255&amp;quot;&amp;gt;🇹🇿 +255&amp;lt;/option&amp;gt;&amp;lt;option style=&amp;quot;color : black;&amp;quot;  value=&amp;quot;+66&amp;quot;&amp;gt;🇹🇭 +66&amp;lt;/option&amp;gt;&amp;lt;option style=&amp;quot;color : black;&amp;quot;  value=&amp;quot;+670&amp;quot;&amp;gt;🇹🇱 +670&amp;lt;/option&amp;gt;&amp;lt;option style=&amp;quot;color : black;&amp;quot;  value=&amp;quot;+228&amp;quot;&amp;gt;🇹🇬 +228&amp;lt;/option&amp;gt;&amp;lt;option style=&amp;quot;color : black;&amp;quot;  value=&amp;quot;+690&amp;quot;&amp;gt;🇹🇰 +690&amp;lt;/option&amp;gt;&amp;lt;option style=&amp;quot;color : black;&amp;quot;  value=&amp;quot;+676&amp;quot;&amp;gt;🇹🇴 +676&amp;lt;/option&amp;gt;&amp;lt;option style=&amp;quot;color : black;&amp;quot;  value=&amp;quot;+1868&amp;quot;&amp;gt;🇹🇹 +1868&amp;lt;/option&amp;gt;&amp;lt;option style=&amp;quot;color : black;&amp;quot;  value=&amp;quot;+216&amp;quot;&amp;gt;🇹🇳 +216&amp;lt;/option&amp;gt;&amp;lt;option style=&amp;quot;color : black;&amp;quot;  value=&amp;quot;+90&amp;quot;&amp;gt;🇹🇷 +90&amp;lt;/option&amp;gt;&amp;lt;option style=&amp;quot;color : black;&amp;quot;  value=&amp;quot;+993&amp;quot;&amp;gt;🇹🇲 +993&amp;lt;/option&amp;gt;&amp;lt;option style=&amp;quot;color : black;&amp;quot;  value=&amp;quot;+1649&amp;quot;&amp;gt;🇹🇨 +1649&amp;lt;/option&amp;gt;&amp;lt;option style=&amp;quot;color : black;&amp;quot;  value=&amp;quot;+688&amp;quot;&amp;gt;🇹🇻 +688&amp;lt;/option&amp;gt;&amp;lt;option style=&amp;quot;color : black;&amp;quot;  value=&amp;quot;+256&amp;quot;&amp;gt;🇺🇬 +256&amp;lt;/option&amp;gt;&amp;lt;option style=&amp;quot;color : black;&amp;quot;  value=&amp;quot;+380&amp;quot;&amp;gt;🇺🇦 +380&amp;lt;/option&amp;gt;&amp;lt;option style=&amp;quot;color : black;&amp;quot;  value=&amp;quot;+971&amp;quot;&amp;gt;🇦🇪 +971&amp;lt;/option&amp;gt;&amp;lt;option style=&amp;quot;color : black;&amp;quot;  value=&amp;quot;+44&amp;quot;&amp;gt;🇬🇧 +44&amp;lt;/option&amp;gt;&amp;lt;option style=&amp;quot;color : black;&amp;quot;  value=&amp;quot;+1&amp;quot;&amp;gt;🇺🇸 +1&amp;lt;/option&amp;gt;&amp;lt;option style=&amp;quot;color : black;&amp;quot;  value=&amp;quot;+598&amp;quot;&amp;gt;🇺🇾 +598&amp;lt;/option&amp;gt;&amp;lt;option style=&amp;quot;color : black;&amp;quot;  value=&amp;quot;+998&amp;quot;&amp;gt;🇺🇿 +998&amp;lt;/option&amp;gt;&amp;lt;option style=&amp;quot;color : black;&amp;quot;  value=&amp;quot;+678&amp;quot;&amp;gt;🇻🇺 +678&amp;lt;/option&amp;gt;&amp;lt;option style=&amp;quot;color : black;&amp;quot;  value=&amp;quot;+58&amp;quot;&amp;gt;🇻🇪 +58&amp;lt;/option&amp;gt;&amp;lt;option style=&amp;quot;color : black;&amp;quot;  value=&amp;quot;+84&amp;quot;&amp;gt;🇻🇳 +84&amp;lt;/option&amp;gt;&amp;lt;option style=&amp;quot;color : black;&amp;quot;  value=&amp;quot;+1284&amp;quot;&amp;gt;🇻🇬 +1284&amp;lt;/option&amp;gt;&amp;lt;option style=&amp;quot;color : black;&amp;quot;  value=&amp;quot;+1340&amp;quot;&amp;gt;🇻🇮 +1340&amp;lt;/option&amp;gt;&amp;lt;option style=&amp;quot;color : black;&amp;quot;  value=&amp;quot;+681&amp;quot;&amp;gt;🇼🇫 +681&amp;lt;/option&amp;gt;&amp;lt;option style=&amp;quot;color : black;&amp;quot;  value=&amp;quot;+967&amp;quot;&amp;gt;🇾🇪 +967&amp;lt;/option&amp;gt;&amp;lt;option style=&amp;quot;color : black;&amp;quot;  value=&amp;quot;+260&amp;quot;&amp;gt;🇿🇲 +260&amp;lt;/option&amp;gt;&amp;lt;option style=&amp;quot;color : black;&amp;quot;  value=&amp;quot;+263&amp;quot;&amp;gt;🇿🇼 +263&amp;lt;/option&amp;gt;&amp;lt;option style=&amp;quot;color : black;&amp;quot;  value=&amp;quot;+358&amp;quot;&amp;gt;🇦🇽 +358&amp;lt;/option&amp;gt;
        &amp;lt;/select&amp;gt;
        &amp;lt;input id=&amp;quot;BiteSpeedWAChatInput&amp;quot; type=&amp;quot;text&amp;quot; onfocus=&amp;quot;parent.preloadDiscount()&amp;quot; class=&amp;quot;bitespeedPhoneNumber&amp;quot; placeholder=&amp;quot;Enter Your Number&amp;quot; data-optional=&amp;quot;false&amp;quot;&amp;gt;
      &amp;lt;/div&amp;gt;
    
  &amp;lt;/div&amp;gt;

  &amp;lt;div style=&amp;quot;overflow-wrap: break-word;padding: 10px;&amp;quot;&amp;gt;
    
  &amp;lt;div
    style=&amp;quot;
      width: 100%;
      display: flex;
      flex-direction: column;
      align-items: center;
      justify-content: center;

      font-family: &#039;Poppins&#039;, sans-serif;
    &amp;quot;
  &amp;gt;
    
    &amp;lt;button class=&amp;quot;bitespeedNextButton&amp;quot; onclick=&amp;quot;parent.nextView(this)&amp;quot;&amp;gt;
      Get Coupon
    &amp;lt;/button&amp;gt;
  &amp;lt;/div&amp;gt;
  &amp;lt;/div&amp;gt;

  &amp;lt;/div&amp;gt;
&amp;lt;/div&amp;gt;

      &amp;lt;/div&amp;gt;
    &amp;lt;/div&amp;gt;
  &amp;lt;/div&amp;gt;

    &amp;lt;/div&amp;gt;
  &amp;lt;/div&amp;gt;

  
&amp;lt;/div&amp;gt;

&amp;lt;/div&amp;gt;


                  &amp;lt;script&amp;gt;
function getBspdBarCookie(name) {
  const value = &amp;quot;; &amp;quot; + document.cookie;
  const parts = value.split(&amp;quot;; &amp;quot; + name + &amp;quot;=&amp;quot;);
  if (parts.length === 2) {
    return parts.pop().split(&amp;quot;;&amp;quot;).shift();
  }
  return null;
}

function setBspdBarCookie(name, value, days) {
  const expires = new Date();

  expires.setTime(expires.getTime() + days * 24 * 60 * 60 * 1000);
  document.cookie = name + &amp;quot;=&amp;quot; + value + &amp;quot;;expires=&amp;quot; + expires.toUTCString() + &amp;quot;;path=/&amp;quot;;
}

// helper function to delete a cookie
function deleteBspdBarCookie(name) {
  document.cookie = name + &amp;quot;=;expires=Thu, 01 Jan 1970 00:00:00 UTC;path=/&amp;quot;;
}

// get end date based on timer type
const getEndDate = (cookieKey, timer) =&amp;gt; {
  const now = new Date();

  const timerType = timer.dataset.timerType;
  const dateTime = timer.dataset.timerDatetime;
  const days = parseInt(timer.dataset.timerDays) || 0;
  const hours = parseInt(timer.dataset.timerHours) || 0;
  const minutes = parseInt(timer.dataset.timerMinutes) || 0;
  const seconds = parseInt(timer.dataset.timerSeconds) || 0;

  if (timerType === &amp;quot;Static Date &amp;amp; Time&amp;quot;) {
    const endDate = new Date(dateTime);
    setBspdBarCookie(cookieKey, endDate.getTime());
    return endDate;
  }

  if (timerType === &amp;quot;Relative&amp;quot;) {
    const stored = getBspdBarCookie(cookieKey);
    if (stored) return new Date(parseInt(stored));

    const endDate = new Date(now.getTime() + days * 86400000 + hours * 3600000 + minutes * 60000 + seconds * 1000);
    setBspdBarCookie(cookieKey, endDate.getTime());
    return endDate;
  }

  if (timerType === &amp;quot;Daily&amp;quot;) {
    const stored = getBspdBarCookie(cookieKey);
    const midnight = new Date();
    midnight.setHours(24, 0, 0, 0);

    if (stored) {
      const storedDate = new Date(parseInt(stored));
      if (storedDate.toDateString() === midnight.toDateString()) {
        return storedDate;
      }
    }

    setBspdBarCookie(cookieKey, midnight.getTime());
    return midnight;
  }

  return null;
};

let interval = null;
// Main timer function
const startTimer = (timer) =&amp;gt; {
  const timerType = timer.dataset.timerType;
  const popupId = timer.dataset.popupId;
  const cookieKey = &amp;quot;endDate_&amp;quot; + timerType + popupId;
  const endDate = getEndDate(cookieKey, timer);

  if (!endDate) return null;

  const update = () =&amp;gt; {
    const now = Date.now();
    const remaining = endDate.getTime() - now;

    if (remaining &amp;lt;= 0) {
      updateDisplay(0, 0, 0, 0);
      if (timerType === &amp;quot;Daily&amp;quot;) {
        setTimeout(() =&amp;gt; {
          deleteBspdBarCookie(cookieKey);
        }, 1000);
      }
      
      return clearInterval(interval);
    }

    const days = Math.floor(remaining / 86400000);
    const hours = Math.floor((remaining % 86400000) / 3600000);
    const minutes = Math.floor((remaining % 3600000) / 60000);
    const seconds = Math.floor((remaining % 60000) / 1000);

    updateDisplay(days, hours, minutes, seconds);
  };

  const updateDisplay = (days, hours, minutes, seconds) =&amp;gt; {
    const pad = (n) =&amp;gt; n.toString().padStart(2, &amp;quot;0&amp;quot;);

    const dayElement = timer.querySelector(&amp;quot;.timer-unit-days .timer-number&amp;quot;);
    const hourElement = timer.querySelector(&amp;quot;.timer-unit-hours .timer-number&amp;quot;);
    const minuteElement = timer.querySelector(&amp;quot;.timer-unit-minutes .timer-number&amp;quot;);
    const secondElement = timer.querySelector(&amp;quot;.timer-unit-seconds .timer-number&amp;quot;);

    if (dayElement) {
      dayElement.textContent = pad(days);
    }
    if (hourElement) {
      hourElement.textContent = pad(hours);
    }
    if (minuteElement) {
      minuteElement.textContent = pad(minutes);
    }
    if (secondElement) {
      secondElement.textContent = pad(seconds);
    }
  };

  update();
  interval = setInterval(update, 1000);
};

document.querySelectorAll(&amp;quot;#timer-container-3708580763402240&amp;quot;).forEach((timer) =&amp;gt; {
  // select all timers and start them
  startTimer(timer);
});
&amp;lt;/script&amp;gt;
                &quot; style=&quot;position: fixed; top: 0px; width: 100%; height: 100%; z-index: 999999999; background-color: rgba(0, 0, 0, 0.5); border-width: medium; border-style: none; border-color: currentcolor; border-image: initial; left: 0px;&quot;&gt;&lt;/iframe&gt;
  (Session info: chrome=147.0.7727.57)
Build info: version: &#039;4.28.0&#039;, revision: &#039;ac342546e9&#039;
System info: os.name: &#039;Windows 11&#039;, os.arch: &#039;amd64&#039;, os.version: &#039;10.0&#039;, java.version: &#039;21.0.10&#039;
Driver info: org.openqa.selenium.chrome.ChromeDriver
Command: [b22520f32d006cfd71727888d5fa8b9e, clickElement {id=f.1444F32C3BFDE6623D5FA629D138DF84.d.97E64F1EAC8477ED2BE1BDB5D2A73747.e.69}]
Capabilities {acceptInsecureCerts: false, browserName: chrome, browserVersion: 147.0.7727.57, chrome: {chromedriverVersion: 147.0.7727.57 (b4f28b5637d0..., userDataDir: C:\Users\DELL\AppData\Local...}, fedcm:accounts: true, goog:chromeOptions: {debuggerAddress: localhost:61461}, goog:processID: 1496, networkConnectionEnabled: false, pageLoadStrategy: normal, platformName: windows, proxy: Proxy(), se:cdp: ws://localhost:61461/devtoo..., se:cdpVersion: 147.0.7727.57, setWindowRect: true, strictFileInteractability: false, timeouts: {implicit: 0, pageLoad: 300000, script: 30000}, unhandledPromptBehavior: dismiss and notify, webauthn:extension:credBlob: true, webauthn:extension:largeBlob: true, webauthn:extension:minPinLength: true, webauthn:extension:prf: true, webauthn:virtualAuthenticators: true}
Element: [[ChromeDriver: chrome on windows (b22520f32d006cfd71727888d5fa8b9e)] -&gt; name: st]
Session ID: b22520f32d006cfd71727888d5fa8b9e" type="org.openqa.selenium.ElementClickInterceptedException">
      <![CDATA[org.openqa.selenium.ElementClickInterceptedException: element click intercepted: Element <input type="text" autocomplete="off" placeholder="Search For Ch" name="st" id="st-search" class="st-search-input"> is not clickable at point (724, 43). Other element would receive the click: <iframe id="popup-iframe-open-3708580763402240" srcdoc="
                  &lt;style&gt;
                    #u_body {
                      overflow: hidden !important;
                    }
                  &lt;/style&gt;

                  &lt;div class=&quot;u-popup-container&quot;&gt;  &lt;div class=&quot;u-popup-overlay&quot;&gt;&lt;/div&gt;

  
  &lt;link href=&quot;https://fonts.googleapis.com/css2?family=Poppins:wght@400;500;700&amp;display=swap&quot; rel=&quot;stylesheet&quot; type=&quot;text/css&quot;&gt;
  

  

  
  &lt;style type=&quot;text/css&quot;&gt;
    
      .u-popup-container .u-row {
        display: flex;
        flex-wrap: nowrap;
        margin-left: 0;
        margin-right: 0;
      }

      .u-popup-container .u-row .u-col {
        position: relative;
        width: 100%;
        padding-right: 0;
        padding-left: 0;
      }

      
          .u-popup-container .u-row .u-col.u-col-100 {
            flex: 0 0 100%;
            max-width: 100%;
          }
        

      
            @media (max-width: 480px) {
              .u-popup-container .container {
                max-width: 100% !important;
              }

              .u-popup-container .u-row:not(.no-stack) {
                flex-wrap: wrap;
              }

              .u-popup-container .u-row:not(.no-stack) .u-col {
                flex: 0 0 100% !important;
                max-width: 100% !important;
              }
            }
          
    
.u-popup-container p{margin:0}.u-popup-container .error-field{-webkit-animation-duration:1s;animation-duration:1s;-webkit-animation-fill-mode:both;animation-fill-mode:both;-webkit-animation-name:shake;animation-name:shake}.u-popup-container .error-field input,.u-popup-container .error-field textarea{border-color:#a94442!important;color:#a94442!important}.u-popup-container .field-error{font-size:14px;font-weight:700;padding:5px 10px;position:absolute;right:10px;top:-20px}.u-popup-container .field-error:after{border:solid transparent;border-color:#ebcccc rgba(136,183,213,0) rgba(136,183,213,0);border-width:5px;content:&quot; &quot;;height:0;left:50%;margin-left:-5px;pointer-events:none;position:absolute;top:100%;width:0}.u-popup-container .spinner{margin:0 auto;text-align:center;width:70px}.u-popup-container .spinner&gt;div{-webkit-animation:sk-bouncedelay 1.4s ease-in-out infinite both;animation:sk-bouncedelay 1.4s ease-in-out infinite both;background-color:hsla(0,0%,100%,.5);border-radius:100%;display:inline-block;height:12px;margin:0 2px;width:12px}.u-popup-container .spinner .bounce1{-webkit-animation-delay:-.32s;animation-delay:-.32s}.u-popup-container .spinner .bounce2{-webkit-animation-delay:-.16s;animation-delay:-.16s}@-webkit-keyframes sk-bouncedelay{0%,80%,to{-webkit-transform:scale(0)}40%{-webkit-transform:scale(1)}}@keyframes sk-bouncedelay{0%,80%,to{-webkit-transform:scale(0);transform:scale(0)}40%{-webkit-transform:scale(1);transform:scale(1)}}@-webkit-keyframes shake{0%,to{-webkit-transform:translateZ(0);transform:translateZ(0)}10%,30%,50%,70%,90%{-webkit-transform:translate3d(-10px,0,0);transform:translate3d(-10px,0,0)}20%,40%,60%,80%{-webkit-transform:translate3d(10px,0,0);transform:translate3d(10px,0,0)}}@keyframes shake{0%,to{-webkit-transform:translateZ(0);transform:translateZ(0)}10%,30%,50%,70%,90%{-webkit-transform:translate3d(-10px,0,0);transform:translate3d(-10px,0,0)}20%,40%,60%,80%{-webkit-transform:translate3d(10px,0,0);transform:translate3d(10px,0,0)}}.u-popup-container .container{--bs-gutter-x:0px;--bs-gutter-y:0;margin-left:auto;margin-right:auto;padding-left:calc(var(--bs-gutter-x)*.5);padding-right:calc(var(--bs-gutter-x)*.5);width:100%}.u-popup-container a[onclick]{cursor:pointer}


      

      
          @media (max-width: 480px) {
            .u-popup-container .hide-mobile {
              
              display: none !important;
            }
          }
          

          @media (min-width: 481px) {
            .u-popup-container .hide-desktop {
              
              display: none !important;
            }
          }
.u-popup-container a { color: #0000ee; text-decoration: underline; } .u-popup-container { position: absolute; left: 0; right: 0; bottom: 0; top: 0; display: flex; flex-direction: column; } .u-popup-container .u-popup-overlay { position: fixed; left: 0; right: 0; bottom: 0; top: 0; background-color: rgba(0, 0, 0, 0.1); z-index: 98; } .u-popup-container .u-popup-main { width: 100%; max-width: 360px; height: auto; margin: auto; z-index: 99; } .u-popup-container .u-popup-header, .u-popup-container .u-popup-footer { position: relative; width: 100%; max-width: 360px; margin: auto; } .u-popup-container .u-popup-content { height: 100%; overflow-y: inherit; } .u-popup-container .u-close-button { position: absolute; top: 0px; right: 0px; display: flex; flex-flow: column nowrap; justify-content: center; align-items: center; margin: 0px; padding: 0px; width: 40px; height: 40px; background-color: transparent; border: 0; border-radius: 0px; cursor: pointer; z-index: 99; } .u-popup-container .u-close-button .icon-cross { margin: 0; padding: 0; border: 0; background: none; position: relative; width: 20px; height: 20px; } .u-popup-container .u-close-button .icon-cross:before, .u-popup-container .u-close-button .icon-cross:after { content: &quot;&quot;; position: absolute; top: 8px; left: 0; right: 0; height: 3px; background-color: #00236f; border-radius: 6px; } .u-popup-container .u-close-button .icon-cross:before { transform: rotate(45deg); } .u-popup-container .u-close-button .icon-cross:after { transform: rotate(-45deg); } .inputWAWidget { display: flex; width: 93%; margin: auto; border: none; } .bitespeedCountryCode { padding-left: 14px; padding-right: 14px; border: none; border-bottom-left-radius: 5px; border-top-left-radius: 5px; outline: none; background-color: #e1e1e1; color: #000000; width: auto; max-width: 90px; cursor: pointer; font-size: 14px; font-weight: 400; font-family: 'Poppins', sans-serif; appearance: none; background-image: url(&quot;data:image/svg+xml;charset=UTF-8,%3csvg xmlns='http://www.w3.org/2000/svg' viewBox='0 0 24 24' fill='none' stroke='#000000' stroke-width='2' stroke-linecap='round' stroke-linejoin='round'%3e%3cpolyline points='6 9 12 15 18 9'%3e%3c/polyline%3e%3c/svg%3e&quot;); background-repeat: no-repeat; background-position: right 0.5rem center; background-size: 1em; } .bitespeedPhoneNumber { border-bottom-right-radius: 5px; border-top-right-radius: 5px; background-color: #ffffff; outline: none; flex: 1; font-size: 14px; border: 2px solid #d9d9d9; border-left: none; padding: 10px 20px; font-size: 14px; font-weight: 400; font-family: 'Poppins', sans-serif; color: #000000; width: 100%; } .bitespeedPhoneNumber::placeholder { font-size: 12px; text-align: center; color: #a1a1a1; font-weight: 500; font-size: 14px; font-weight: 400; font-family: 'Poppins', sans-serif; color: #a1a1a1; } .bitespeedNextButton { border: 1.5px Solid transparent; border-radius: 4px; background-color: #00236f; color: #fff; outline: none; font-size: 14px; font-weight: 400; font-family: 'Poppins', sans-serif; padding: 0px; height: 36px; min-height: 28px; width: 33%; margin: auto; } .bitespeedNextButton:hover { cursor: pointer; } @supports (-webkit-appearance: none) or (-moz-appearance: none) { .bspdGdprCheckboxWrapper input[type='checkbox'] { --active: #275efe; --active-inner: #fff; --focus: 2px solid #275efe4d; --border: #bbc1e1; --border-hover: #275efe; -webkit-appearance: none; -moz-appearance: none; height: 21px; outline: none; display: inline-block; vertical-align: top; position: relative; margin: 0; cursor: pointer; background: var(--b, transparent); border: 1px solid var(--bc, var(--border)); transition: background 0.3s, border-color 0.3s, box-shadow 0.2s; } .bspdGdprCheckboxWrapper input[type='checkbox']:after { content: ''; display: block; left: 0; top: 0; position: absolute; transition: transform var(--d-t, 0.3s) var(--d-t-e, ease), opacity var(--d-o, 0.2s); } .bspdGdprCheckboxWrapper input[type='checkbox']:checked { --b: var(--active); --bc: var(--active); --d-o: 0.3s; --d-t: 0.6s; --d-t-e: cubic-bezier(0.2, 0.85, 0.32, 1.2); } .bspdGdprCheckboxWrapper input[type='checkbox']:focus { box-shadow: 0 0 0 var(--focus); } .bspdGdprCheckboxWrapper input[type='checkbox']:not(.switch) { width: 18px; height: 18px; } .bspdGdprCheckboxWrapper input[type='checkbox']:not(.switch):after { opacity: var(--o, 0); } .bspdGdprCheckboxWrapper input[type='checkbox']:not(.switch):checked { --o: 1; } .bspdGdprCheckboxWrapper input[type='checkbox']:not(.switch) { border-radius: 7px; } .bspdGdprCheckboxWrapper input[type='checkbox']:not(.switch):after { width: 5px; height: 9px; border: 2px solid var(--active-inner); border-top: 0; border-left: 0; left: 6px; top: 2px; transform: rotate(var(--r, 20deg)); } .bspdGdprCheckboxWrapper input[type='checkbox']:not(.switch):checked { --r: 43deg; } } .bspdGdprCheckboxWrapper *:before, .bspdGdprCheckboxWrapper *:after { box-sizing: inherit; }
  &lt;/style&gt;
  

  

  
&lt;div class=&quot;u-popup-main&quot;&gt;
  
    &lt;div class=&quot;u-popup-header&quot;&gt;
      
  &lt;a href=&quot;#&quot; onClick=&quot;parent.closePopupBitespeed(this)&quot; class=&quot;u-close-button&quot;&gt;
    &lt;span class=&quot;icon-cross&quot;&gt;&lt;/span&gt;
  &lt;/a&gt;

    &lt;/div&gt;
  

  &lt;div class=&quot;u-popup-content&quot;&gt;
    &lt;div
      style=&quot;display: flex; flex-direction: column; justify-content: flex-start;color: #000000;background-color: #FFFFFF;font-family: arial,helvetica,sans-serif; border-radius: 0px;&quot;&gt;
      
  &lt;div style=&quot;padding: 0px;&quot;&gt;
    &lt;div class=&quot;container&quot; style=&quot;max-width: 360px;margin: 0 auto 0 0;&quot;&gt;
      &lt;div class=&quot;u-row&quot;&gt;
        
&lt;div class=&quot;u-col u-col-100&quot; style=&quot;display:flex;border-top: 0px solid transparent;border-left: 0px solid transparent;border-right: 0px solid transparent;border-bottom: 0px solid transparent;border-radius: 0px;&quot;&gt;
  &lt;div style=&quot;width: 100%;padding:0px;&quot;&gt;
    
  &lt;div style=&quot;overflow-wrap: break-word;padding: 10px;&quot;&gt;
    
&lt;div style=&quot;position:relative;line-height:0px;text-align:center&quot;&gt;
  
  &lt;img alt=&quot;&quot; src=&quot;https://d3gebkrwz75l5r.cloudfront.net/uploads/glen-india.myshopify.com/popupMedia/1.jpeg-1757061807732.jpeg&quot; style=&quot;width: 100%;max-width: 340px;&quot; title=&quot;&quot;/&gt;
  
&lt;/div&gt;

  &lt;/div&gt;

  &lt;div style=&quot;overflow-wrap: break-word;padding: 10px;&quot;&gt;
    
&lt;div style=&quot;position:relative;line-height:0px;text-align:center&quot;&gt;
  
  &lt;img alt=&quot;&quot; src=&quot;https://d3gebkrwz75l5r.cloudfront.net/uploads/glen-india.myshopify.com/popupMedia/2.jpeg-1757061822540.jpeg&quot; style=&quot;width: 100%;max-width: 340px;&quot; title=&quot;&quot;/&gt;
  
&lt;/div&gt;

  &lt;/div&gt;

  &lt;div style=&quot;overflow-wrap: break-word;padding: 10px;&quot;&gt;
    
      
      &lt;div class=&quot;inputWAWidget&quot;&gt;
        &lt;select id=&quot;BiteSpeedDialCode&quot; class=&quot;bitespeedCountryCode&quot;&gt;
          &lt;option style=&quot;color : black;&quot; selected value=&quot;+91&quot;&gt;🇮🇳 +91&lt;/option&gt;&lt;option style=&quot;color : black;&quot;  value=&quot;+93&quot;&gt;🇦🇫 +93&lt;/option&gt;&lt;option style=&quot;color : black;&quot;  value=&quot;+355&quot;&gt;🇦🇱 +355&lt;/option&gt;&lt;option style=&quot;color : black;&quot;  value=&quot;+213&quot;&gt;🇩🇿 +213&lt;/option&gt;&lt;option style=&quot;color : black;&quot;  value=&quot;+1684&quot;&gt;🇦🇸 +1684&lt;/option&gt;&lt;option style=&quot;color : black;&quot;  value=&quot;+376&quot;&gt;🇦🇩 +376&lt;/option&gt;&lt;option style=&quot;color : black;&quot;  value=&quot;+244&quot;&gt;🇦🇴 +244&lt;/option&gt;&lt;option style=&quot;color : black;&quot;  value=&quot;+1264&quot;&gt;🇦🇮 +1264&lt;/option&gt;&lt;option style=&quot;color : black;&quot;  value=&quot;+672&quot;&gt;🇦🇶 +672&lt;/option&gt;&lt;option style=&quot;color : black;&quot;  value=&quot;+1268&quot;&gt;🇦🇬 +1268&lt;/option&gt;&lt;option style=&quot;color : black;&quot;  value=&quot;+54&quot;&gt;🇦🇷 +54&lt;/option&gt;&lt;option style=&quot;color : black;&quot;  value=&quot;+374&quot;&gt;🇦🇲 +374&lt;/option&gt;&lt;option style=&quot;color : black;&quot;  value=&quot;+297&quot;&gt;🇦🇼 +297&lt;/option&gt;&lt;option style=&quot;color : black;&quot;  value=&quot;+61&quot;&gt;🇦🇺 +61&lt;/option&gt;&lt;option style=&quot;color : black;&quot;  value=&quot;+43&quot;&gt;🇦🇹 +43&lt;/option&gt;&lt;option style=&quot;color : black;&quot;  value=&quot;+994&quot;&gt;🇦🇿 +994&lt;/option&gt;&lt;option style=&quot;color : black;&quot;  value=&quot;+1242&quot;&gt;🇧🇸 +1242&lt;/option&gt;&lt;option style=&quot;color : black;&quot;  value=&quot;+973&quot;&gt;🇧🇭 +973&lt;/option&gt;&lt;option style=&quot;color : black;&quot;  value=&quot;+880&quot;&gt;🇧🇩 +880&lt;/option&gt;&lt;option style=&quot;color : black;&quot;  value=&quot;+1246&quot;&gt;🇧🇧 +1246&lt;/option&gt;&lt;option style=&quot;color : black;&quot;  value=&quot;+375&quot;&gt;🇧🇾 +375&lt;/option&gt;&lt;option style=&quot;color : black;&quot;  value=&quot;+32&quot;&gt;🇧🇪 +32&lt;/option&gt;&lt;option style=&quot;color : black;&quot;  value=&quot;+501&quot;&gt;🇧🇿 +501&lt;/option&gt;&lt;option style=&quot;color : black;&quot;  value=&quot;+229&quot;&gt;🇧🇯 +229&lt;/option&gt;&lt;option style=&quot;color : black;&quot;  value=&quot;+1441&quot;&gt;🇧🇲 +1441&lt;/option&gt;&lt;option style=&quot;color : black;&quot;  value=&quot;+975&quot;&gt;🇧🇹 +975&lt;/option&gt;&lt;option style=&quot;color : black;&quot;  value=&quot;+591&quot;&gt;🇧🇴 +591&lt;/option&gt;&lt;option style=&quot;color : black;&quot;  value=&quot;+387&quot;&gt;🇧🇦 +387&lt;/option&gt;&lt;option style=&quot;color : black;&quot;  value=&quot;+267&quot;&gt;🇧🇼 +267&lt;/option&gt;&lt;option style=&quot;color : black;&quot;  value=&quot;+55&quot;&gt;🇧🇷 +55&lt;/option&gt;&lt;option style=&quot;color : black;&quot;  value=&quot;+246&quot;&gt;🇮🇴 +246&lt;/option&gt;&lt;option style=&quot;color : black;&quot;  value=&quot;+673&quot;&gt;🇧🇳 +673&lt;/option&gt;&lt;option style=&quot;color : black;&quot;  value=&quot;+359&quot;&gt;🇧🇬 +359&lt;/option&gt;&lt;option style=&quot;color : black;&quot;  value=&quot;+226&quot;&gt;🇧🇫 +226&lt;/option&gt;&lt;option style=&quot;color : black;&quot;  value=&quot;+257&quot;&gt;🇧🇮 +257&lt;/option&gt;&lt;option style=&quot;color : black;&quot;  value=&quot;+855&quot;&gt;🇰🇭 +855&lt;/option&gt;&lt;option style=&quot;color : black;&quot;  value=&quot;+237&quot;&gt;🇨🇲 +237&lt;/option&gt;&lt;option style=&quot;color : black;&quot;  value=&quot;+1&quot;&gt;🇨🇦 +1&lt;/option&gt;&lt;option style=&quot;color : black;&quot;  value=&quot;+238&quot;&gt;🇨🇻 +238&lt;/option&gt;&lt;option style=&quot;color : black;&quot;  value=&quot;+345&quot;&gt;🇰🇾 +345&lt;/option&gt;&lt;option style=&quot;color : black;&quot;  value=&quot;+236&quot;&gt;🇨🇫 +236&lt;/option&gt;&lt;option style=&quot;color : black;&quot;  value=&quot;+235&quot;&gt;🇹🇩 +235&lt;/option&gt;&lt;option style=&quot;color : black;&quot;  value=&quot;+56&quot;&gt;🇨🇱 +56&lt;/option&gt;&lt;option style=&quot;color : black;&quot;  value=&quot;+86&quot;&gt;🇨🇳 +86&lt;/option&gt;&lt;option style=&quot;color : black;&quot;  value=&quot;+61&quot;&gt;🇨🇽 +61&lt;/option&gt;&lt;option style=&quot;color : black;&quot;  value=&quot;+61&quot;&gt;🇨🇨 +61&lt;/option&gt;&lt;option style=&quot;color : black;&quot;  value=&quot;+57&quot;&gt;🇨🇴 +57&lt;/option&gt;&lt;option style=&quot;color : black;&quot;  value=&quot;+269&quot;&gt;🇰🇲 +269&lt;/option&gt;&lt;option style=&quot;color : black;&quot;  value=&quot;+242&quot;&gt;🇨🇬 +242&lt;/option&gt;&lt;option style=&quot;color : black;&quot;  value=&quot;+243&quot;&gt;🇨🇩 +243&lt;/option&gt;&lt;option style=&quot;color : black;&quot;  value=&quot;+682&quot;&gt;🇨🇰 +682&lt;/option&gt;&lt;option style=&quot;color : black;&quot;  value=&quot;+506&quot;&gt;🇨🇷 +506&lt;/option&gt;&lt;option style=&quot;color : black;&quot;  value=&quot;+225&quot;&gt;🇨🇮 +225&lt;/option&gt;&lt;option style=&quot;color : black;&quot;  value=&quot;+385&quot;&gt;🇭🇷 +385&lt;/option&gt;&lt;option style=&quot;color : black;&quot;  value=&quot;+53&quot;&gt;🇨🇺 +53&lt;/option&gt;&lt;option style=&quot;color : black;&quot;  value=&quot;+357&quot;&gt;🇨🇾 +357&lt;/option&gt;&lt;option style=&quot;color : black;&quot;  value=&quot;+420&quot;&gt;🇨🇿 +420&lt;/option&gt;&lt;option style=&quot;color : black;&quot;  value=&quot;+45&quot;&gt;🇩🇰 +45&lt;/option&gt;&lt;option style=&quot;color : black;&quot;  value=&quot;+253&quot;&gt;🇩🇯 +253&lt;/option&gt;&lt;option style=&quot;color : black;&quot;  value=&quot;+1767&quot;&gt;🇩🇲 +1767&lt;/option&gt;&lt;option style=&quot;color : black;&quot;  value=&quot;+1849&quot;&gt;🇩🇴 +1849&lt;/option&gt;&lt;option style=&quot;color : black;&quot;  value=&quot;+593&quot;&gt;🇪🇨 +593&lt;/option&gt;&lt;option style=&quot;color : black;&quot;  value=&quot;+20&quot;&gt;🇪🇬 +20&lt;/option&gt;&lt;option style=&quot;color : black;&quot;  value=&quot;+503&quot;&gt;🇸🇻 +503&lt;/option&gt;&lt;option style=&quot;color : black;&quot;  value=&quot;+240&quot;&gt;🇬🇶 +240&lt;/option&gt;&lt;option style=&quot;color : black;&quot;  value=&quot;+291&quot;&gt;🇪🇷 +291&lt;/option&gt;&lt;option style=&quot;color : black;&quot;  value=&quot;+372&quot;&gt;🇪🇪 +372&lt;/option&gt;&lt;option style=&quot;color : black;&quot;  value=&quot;+251&quot;&gt;🇪🇹 +251&lt;/option&gt;&lt;option style=&quot;color : black;&quot;  value=&quot;+500&quot;&gt;🇫🇰 +500&lt;/option&gt;&lt;option style=&quot;color : black;&quot;  value=&quot;+298&quot;&gt;🇫🇴 +298&lt;/option&gt;&lt;option style=&quot;color : black;&quot;  value=&quot;+679&quot;&gt;🇫🇯 +679&lt;/option&gt;&lt;option style=&quot;color : black;&quot;  value=&quot;+358&quot;&gt;🇫🇮 +358&lt;/option&gt;&lt;option style=&quot;color : black;&quot;  value=&quot;+33&quot;&gt;🇫🇷 +33&lt;/option&gt;&lt;option style=&quot;color : black;&quot;  value=&quot;+594&quot;&gt;🇬🇫 +594&lt;/option&gt;&lt;option style=&quot;color : black;&quot;  value=&quot;+689&quot;&gt;🇵🇫 +689&lt;/option&gt;&lt;option style=&quot;color : black;&quot;  value=&quot;+241&quot;&gt;🇬🇦 +241&lt;/option&gt;&lt;option style=&quot;color : black;&quot;  value=&quot;+220&quot;&gt;🇬🇲 +220&lt;/option&gt;&lt;option style=&quot;color : black;&quot;  value=&quot;+995&quot;&gt;🇬🇪 +995&lt;/option&gt;&lt;option style=&quot;color : black;&quot;  value=&quot;+49&quot;&gt;🇩🇪 +49&lt;/option&gt;&lt;option style=&quot;color : black;&quot;  value=&quot;+233&quot;&gt;🇬🇭 +233&lt;/option&gt;&lt;option style=&quot;color : black;&quot;  value=&quot;+350&quot;&gt;🇬🇮 +350&lt;/option&gt;&lt;option style=&quot;color : black;&quot;  value=&quot;+30&quot;&gt;🇬🇷 +30&lt;/option&gt;&lt;option style=&quot;color : black;&quot;  value=&quot;+299&quot;&gt;🇬🇱 +299&lt;/option&gt;&lt;option style=&quot;color : black;&quot;  value=&quot;+1473&quot;&gt;🇬🇩 +1473&lt;/option&gt;&lt;option style=&quot;color : black;&quot;  value=&quot;+590&quot;&gt;🇬🇵 +590&lt;/option&gt;&lt;option style=&quot;color : black;&quot;  value=&quot;+1671&quot;&gt;🇬🇺 +1671&lt;/option&gt;&lt;option style=&quot;color : black;&quot;  value=&quot;+502&quot;&gt;🇬🇹 +502&lt;/option&gt;&lt;option style=&quot;color : black;&quot;  value=&quot;+44&quot;&gt;🇬🇬 +44&lt;/option&gt;&lt;option style=&quot;color : black;&quot;  value=&quot;+224&quot;&gt;🇬🇳 +224&lt;/option&gt;&lt;option style=&quot;color : black;&quot;  value=&quot;+245&quot;&gt;🇬🇼 +245&lt;/option&gt;&lt;option style=&quot;color : black;&quot;  value=&quot;+592&quot;&gt;🇬🇾 +592&lt;/option&gt;&lt;option style=&quot;color : black;&quot;  value=&quot;+509&quot;&gt;🇭🇹 +509&lt;/option&gt;&lt;option style=&quot;color : black;&quot;  value=&quot;+379&quot;&gt;🇻🇦 +379&lt;/option&gt;&lt;option style=&quot;color : black;&quot;  value=&quot;+504&quot;&gt;🇭🇳 +504&lt;/option&gt;&lt;option style=&quot;color : black;&quot;  value=&quot;+852&quot;&gt;🇭🇰 +852&lt;/option&gt;&lt;option style=&quot;color : black;&quot;  value=&quot;+36&quot;&gt;🇭🇺 +36&lt;/option&gt;&lt;option style=&quot;color : black;&quot;  value=&quot;+354&quot;&gt;🇮🇸 +354&lt;/option&gt;&lt;option style=&quot;color : black;&quot;  value=&quot;+62&quot;&gt;🇮🇩 +62&lt;/option&gt;&lt;option style=&quot;color : black;&quot;  value=&quot;+98&quot;&gt;🇮🇷 +98&lt;/option&gt;&lt;option style=&quot;color : black;&quot;  value=&quot;+964&quot;&gt;🇮🇶 +964&lt;/option&gt;&lt;option style=&quot;color : black;&quot;  value=&quot;+353&quot;&gt;🇮🇪 +353&lt;/option&gt;&lt;option style=&quot;color : black;&quot;  value=&quot;+44&quot;&gt;🇮🇲 +44&lt;/option&gt;&lt;option style=&quot;color : black;&quot;  value=&quot;+972&quot;&gt;🇮🇱 +972&lt;/option&gt;&lt;option style=&quot;color : black;&quot;  value=&quot;+39&quot;&gt;🇮🇹 +39&lt;/option&gt;&lt;option style=&quot;color : black;&quot;  value=&quot;+1876&quot;&gt;🇯🇲 +1876&lt;/option&gt;&lt;option style=&quot;color : black;&quot;  value=&quot;+81&quot;&gt;🇯🇵 +81&lt;/option&gt;&lt;option style=&quot;color : black;&quot;  value=&quot;+44&quot;&gt;🇯🇪 +44&lt;/option&gt;&lt;option style=&quot;color : black;&quot;  value=&quot;+962&quot;&gt;🇯🇴 +962&lt;/option&gt;&lt;option style=&quot;color : black;&quot;  value=&quot;+77&quot;&gt;🇰🇿 +77&lt;/option&gt;&lt;option style=&quot;color : black;&quot;  value=&quot;+254&quot;&gt;🇰🇪 +254&lt;/option&gt;&lt;option style=&quot;color : black;&quot;  value=&quot;+686&quot;&gt;🇰🇮 +686&lt;/option&gt;&lt;option style=&quot;color : black;&quot;  value=&quot;+850&quot;&gt;🇰🇵 +850&lt;/option&gt;&lt;option style=&quot;color : black;&quot;  value=&quot;+82&quot;&gt;🇰🇷 +82&lt;/option&gt;&lt;option style=&quot;color : black;&quot;  value=&quot;+965&quot;&gt;🇰🇼 +965&lt;/option&gt;&lt;option style=&quot;color : black;&quot;  value=&quot;+996&quot;&gt;🇰🇬 +996&lt;/option&gt;&lt;option style=&quot;color : black;&quot;  value=&quot;+856&quot;&gt;🇱🇦 +856&lt;/option&gt;&lt;option style=&quot;color : black;&quot;  value=&quot;+371&quot;&gt;🇱🇻 +371&lt;/option&gt;&lt;option style=&quot;color : black;&quot;  value=&quot;+961&quot;&gt;🇱🇧 +961&lt;/option&gt;&lt;option style=&quot;color : black;&quot;  value=&quot;+266&quot;&gt;🇱🇸 +266&lt;/option&gt;&lt;option style=&quot;color : black;&quot;  value=&quot;+231&quot;&gt;🇱🇷 +231&lt;/option&gt;&lt;option style=&quot;color : black;&quot;  value=&quot;+218&quot;&gt;🇱🇾 +218&lt;/option&gt;&lt;option style=&quot;color : black;&quot;  value=&quot;+423&quot;&gt;🇱🇮 +423&lt;/option&gt;&lt;option style=&quot;color : black;&quot;  value=&quot;+370&quot;&gt;🇱🇹 +370&lt;/option&gt;&lt;option style=&quot;color : black;&quot;  value=&quot;+352&quot;&gt;🇱🇺 +352&lt;/option&gt;&lt;option style=&quot;color : black;&quot;  value=&quot;+853&quot;&gt;🇲🇴 +853&lt;/option&gt;&lt;option style=&quot;color : black;&quot;  value=&quot;+389&quot;&gt;🇲🇰 +389&lt;/option&gt;&lt;option style=&quot;color : black;&quot;  value=&quot;+261&quot;&gt;🇲🇬 +261&lt;/option&gt;&lt;option style=&quot;color : black;&quot;  value=&quot;+265&quot;&gt;🇲🇼 +265&lt;/option&gt;&lt;option style=&quot;color : black;&quot;  value=&quot;+60&quot;&gt;🇲🇾 +60&lt;/option&gt;&lt;option style=&quot;color : black;&quot;  value=&quot;+960&quot;&gt;🇲🇻 +960&lt;/option&gt;&lt;option style=&quot;color : black;&quot;  value=&quot;+223&quot;&gt;🇲🇱 +223&lt;/option&gt;&lt;option style=&quot;color : black;&quot;  value=&quot;+356&quot;&gt;🇲🇹 +356&lt;/option&gt;&lt;option style=&quot;color : black;&quot;  value=&quot;+692&quot;&gt;🇲🇭 +692&lt;/option&gt;&lt;option style=&quot;color : black;&quot;  value=&quot;+596&quot;&gt;🇲🇶 +596&lt;/option&gt;&lt;option style=&quot;color : black;&quot;  value=&quot;+222&quot;&gt;🇲🇷 +222&lt;/option&gt;&lt;option style=&quot;color : black;&quot;  value=&quot;+230&quot;&gt;🇲🇺 +230&lt;/option&gt;&lt;option style=&quot;color : black;&quot;  value=&quot;+262&quot;&gt;🇾🇹 +262&lt;/option&gt;&lt;option style=&quot;color : black;&quot;  value=&quot;+52&quot;&gt;🇲🇽 +52&lt;/option&gt;&lt;option style=&quot;color : black;&quot;  value=&quot;+691&quot;&gt;🇫🇲 +691&lt;/option&gt;&lt;option style=&quot;color : black;&quot;  value=&quot;+373&quot;&gt;🇲🇩 +373&lt;/option&gt;&lt;option style=&quot;color : black;&quot;  value=&quot;+377&quot;&gt;🇲🇨 +377&lt;/option&gt;&lt;option style=&quot;color : black;&quot;  value=&quot;+976&quot;&gt;🇲🇳 +976&lt;/option&gt;&lt;option style=&quot;color : black;&quot;  value=&quot;+382&quot;&gt;🇲🇪 +382&lt;/option&gt;&lt;option style=&quot;color : black;&quot;  value=&quot;+1664&quot;&gt;🇲🇸 +1664&lt;/option&gt;&lt;option style=&quot;color : black;&quot;  value=&quot;+212&quot;&gt;🇲🇦 +212&lt;/option&gt;&lt;option style=&quot;color : black;&quot;  value=&quot;+258&quot;&gt;🇲🇿 +258&lt;/option&gt;&lt;option style=&quot;color : black;&quot;  value=&quot;+95&quot;&gt;🇲🇲 +95&lt;/option&gt;&lt;option style=&quot;color : black;&quot;  value=&quot;+264&quot;&gt;🇳🇦 +264&lt;/option&gt;&lt;option style=&quot;color : black;&quot;  value=&quot;+674&quot;&gt;🇳🇷 +674&lt;/option&gt;&lt;option style=&quot;color : black;&quot;  value=&quot;+977&quot;&gt;🇳🇵 +977&lt;/option&gt;&lt;option style=&quot;color : black;&quot;  value=&quot;+31&quot;&gt;🇳🇱 +31&lt;/option&gt;&lt;option style=&quot;color : black;&quot;  value=&quot;+599&quot;&gt;🇦🇳 +599&lt;/option&gt;&lt;option style=&quot;color : black;&quot;  value=&quot;+687&quot;&gt;🇳🇨 +687&lt;/option&gt;&lt;option style=&quot;color : black;&quot;  value=&quot;+64&quot;&gt;🇳🇿 +64&lt;/option&gt;&lt;option style=&quot;color : black;&quot;  value=&quot;+505&quot;&gt;🇳🇮 +505&lt;/option&gt;&lt;option style=&quot;color : black;&quot;  value=&quot;+227&quot;&gt;🇳🇪 +227&lt;/option&gt;&lt;option style=&quot;color : black;&quot;  value=&quot;+234&quot;&gt;🇳🇬 +234&lt;/option&gt;&lt;option style=&quot;color : black;&quot;  value=&quot;+683&quot;&gt;🇳🇺 +683&lt;/option&gt;&lt;option style=&quot;color : black;&quot;  value=&quot;+672&quot;&gt;🇳🇫 +672&lt;/option&gt;&lt;option style=&quot;color : black;&quot;  value=&quot;+1670&quot;&gt;🇲🇵 +1670&lt;/option&gt;&lt;option style=&quot;color : black;&quot;  value=&quot;+47&quot;&gt;🇳🇴 +47&lt;/option&gt;&lt;option style=&quot;color : black;&quot;  value=&quot;+968&quot;&gt;🇴🇲 +968&lt;/option&gt;&lt;option style=&quot;color : black;&quot;  value=&quot;+92&quot;&gt;🇵🇰 +92&lt;/option&gt;&lt;option style=&quot;color : black;&quot;  value=&quot;+680&quot;&gt;🇵🇼 +680&lt;/option&gt;&lt;option style=&quot;color : black;&quot;  value=&quot;+970&quot;&gt;🇵🇸 +970&lt;/option&gt;&lt;option style=&quot;color : black;&quot;  value=&quot;+507&quot;&gt;🇵🇦 +507&lt;/option&gt;&lt;option style=&quot;color : black;&quot;  value=&quot;+675&quot;&gt;🇵🇬 +675&lt;/option&gt;&lt;option style=&quot;color : black;&quot;  value=&quot;+595&quot;&gt;🇵🇾 +595&lt;/option&gt;&lt;option style=&quot;color : black;&quot;  value=&quot;+51&quot;&gt;🇵🇪 +51&lt;/option&gt;&lt;option style=&quot;color : black;&quot;  value=&quot;+63&quot;&gt;🇵🇭 +63&lt;/option&gt;&lt;option style=&quot;color : black;&quot;  value=&quot;+872&quot;&gt;🇵🇳 +872&lt;/option&gt;&lt;option style=&quot;color : black;&quot;  value=&quot;+48&quot;&gt;🇵🇱 +48&lt;/option&gt;&lt;option style=&quot;color : black;&quot;  value=&quot;+351&quot;&gt;🇵🇹 +351&lt;/option&gt;&lt;option style=&quot;color : black;&quot;  value=&quot;+1939&quot;&gt;🇵🇷 +1939&lt;/option&gt;&lt;option style=&quot;color : black;&quot;  value=&quot;+974&quot;&gt;🇶🇦 +974&lt;/option&gt;&lt;option style=&quot;color : black;&quot;  value=&quot;+40&quot;&gt;🇷🇴 +40&lt;/option&gt;&lt;option style=&quot;color : black;&quot;  value=&quot;+7&quot;&gt;🇷🇺 +7&lt;/option&gt;&lt;option style=&quot;color : black;&quot;  value=&quot;+250&quot;&gt;🇷🇼 +250&lt;/option&gt;&lt;option style=&quot;color : black;&quot;  value=&quot;+262&quot;&gt;🇷🇪 +262&lt;/option&gt;&lt;option style=&quot;color : black;&quot;  value=&quot;+590&quot;&gt;🇧🇱 +590&lt;/option&gt;&lt;option style=&quot;color : black;&quot;  value=&quot;+290&quot;&gt;🇸🇭 +290&lt;/option&gt;&lt;option style=&quot;color : black;&quot;  value=&quot;+1869&quot;&gt;🇰🇳 +1869&lt;/option&gt;&lt;option style=&quot;color : black;&quot;  value=&quot;+1758&quot;&gt;🇱🇨 +1758&lt;/option&gt;&lt;option style=&quot;color : black;&quot;  value=&quot;+590&quot;&gt;🇲🇫 +590&lt;/option&gt;&lt;option style=&quot;color : black;&quot;  value=&quot;+508&quot;&gt;🇵🇲 +508&lt;/option&gt;&lt;option style=&quot;color : black;&quot;  value=&quot;+1784&quot;&gt;🇻🇨 +1784&lt;/option&gt;&lt;option style=&quot;color : black;&quot;  value=&quot;+685&quot;&gt;🇼🇸 +685&lt;/option&gt;&lt;option style=&quot;color : black;&quot;  value=&quot;+378&quot;&gt;🇸🇲 +378&lt;/option&gt;&lt;option style=&quot;color : black;&quot;  value=&quot;+239&quot;&gt;🇸🇹 +239&lt;/option&gt;&lt;option style=&quot;color : black;&quot;  value=&quot;+966&quot;&gt;🇸🇦 +966&lt;/option&gt;&lt;option style=&quot;color : black;&quot;  value=&quot;+221&quot;&gt;🇸🇳 +221&lt;/option&gt;&lt;option style=&quot;color : black;&quot;  value=&quot;+381&quot;&gt;🇷🇸 +381&lt;/option&gt;&lt;option style=&quot;color : black;&quot;  value=&quot;+248&quot;&gt;🇸🇨 +248&lt;/option&gt;&lt;option style=&quot;color : black;&quot;  value=&quot;+232&quot;&gt;🇸🇱 +232&lt;/option&gt;&lt;option style=&quot;color : black;&quot;  value=&quot;+65&quot;&gt;🇸🇬 +65&lt;/option&gt;&lt;option style=&quot;color : black;&quot;  value=&quot;+421&quot;&gt;🇸🇰 +421&lt;/option&gt;&lt;option style=&quot;color : black;&quot;  value=&quot;+386&quot;&gt;🇸🇮 +386&lt;/option&gt;&lt;option style=&quot;color : black;&quot;  value=&quot;+677&quot;&gt;🇸🇧 +677&lt;/option&gt;&lt;option style=&quot;color : black;&quot;  value=&quot;+252&quot;&gt;🇸🇴 +252&lt;/option&gt;&lt;option style=&quot;color : black;&quot;  value=&quot;+27&quot;&gt;🇿🇦 +27&lt;/option&gt;&lt;option style=&quot;color : black;&quot;  value=&quot;+500&quot;&gt;🇬🇸 +500&lt;/option&gt;&lt;option style=&quot;color : black;&quot;  value=&quot;+34&quot;&gt;🇪🇸 +34&lt;/option&gt;&lt;option style=&quot;color : black;&quot;  value=&quot;+94&quot;&gt;🇱🇰 +94&lt;/option&gt;&lt;option style=&quot;color : black;&quot;  value=&quot;+249&quot;&gt;🇸🇩 +249&lt;/option&gt;&lt;option style=&quot;color : black;&quot;  value=&quot;+211&quot;&gt;🇸🇸 +211&lt;/option&gt;&lt;option style=&quot;color : black;&quot;  value=&quot;+597&quot;&gt;🇸🇷 +597&lt;/option&gt;&lt;option style=&quot;color : black;&quot;  value=&quot;+47&quot;&gt;🇸🇯 +47&lt;/option&gt;&lt;option style=&quot;color : black;&quot;  value=&quot;+268&quot;&gt;🇸🇿 +268&lt;/option&gt;&lt;option style=&quot;color : black;&quot;  value=&quot;+46&quot;&gt;🇸🇪 +46&lt;/option&gt;&lt;option style=&quot;color : black;&quot;  value=&quot;+41&quot;&gt;🇨🇭 +41&lt;/option&gt;&lt;option style=&quot;color : black;&quot;  value=&quot;+963&quot;&gt;🇸🇾 +963&lt;/option&gt;&lt;option style=&quot;color : black;&quot;  value=&quot;+886&quot;&gt;🇹🇼 +886&lt;/option&gt;&lt;option style=&quot;color : black;&quot;  value=&quot;+992&quot;&gt;🇹🇯 +992&lt;/option&gt;&lt;option style=&quot;color : black;&quot;  value=&quot;+255&quot;&gt;🇹🇿 +255&lt;/option&gt;&lt;option style=&quot;color : black;&quot;  value=&quot;+66&quot;&gt;🇹🇭 +66&lt;/option&gt;&lt;option style=&quot;color : black;&quot;  value=&quot;+670&quot;&gt;🇹🇱 +670&lt;/option&gt;&lt;option style=&quot;color : black;&quot;  value=&quot;+228&quot;&gt;🇹🇬 +228&lt;/option&gt;&lt;option style=&quot;color : black;&quot;  value=&quot;+690&quot;&gt;🇹🇰 +690&lt;/option&gt;&lt;option style=&quot;color : black;&quot;  value=&quot;+676&quot;&gt;🇹🇴 +676&lt;/option&gt;&lt;option style=&quot;color : black;&quot;  value=&quot;+1868&quot;&gt;🇹🇹 +1868&lt;/option&gt;&lt;option style=&quot;color : black;&quot;  value=&quot;+216&quot;&gt;🇹🇳 +216&lt;/option&gt;&lt;option style=&quot;color : black;&quot;  value=&quot;+90&quot;&gt;🇹🇷 +90&lt;/option&gt;&lt;option style=&quot;color : black;&quot;  value=&quot;+993&quot;&gt;🇹🇲 +993&lt;/option&gt;&lt;option style=&quot;color : black;&quot;  value=&quot;+1649&quot;&gt;🇹🇨 +1649&lt;/option&gt;&lt;option style=&quot;color : black;&quot;  value=&quot;+688&quot;&gt;🇹🇻 +688&lt;/option&gt;&lt;option style=&quot;color : black;&quot;  value=&quot;+256&quot;&gt;🇺🇬 +256&lt;/option&gt;&lt;option style=&quot;color : black;&quot;  value=&quot;+380&quot;&gt;🇺🇦 +380&lt;/option&gt;&lt;option style=&quot;color : black;&quot;  value=&quot;+971&quot;&gt;🇦🇪 +971&lt;/option&gt;&lt;option style=&quot;color : black;&quot;  value=&quot;+44&quot;&gt;🇬🇧 +44&lt;/option&gt;&lt;option style=&quot;color : black;&quot;  value=&quot;+1&quot;&gt;🇺🇸 +1&lt;/option&gt;&lt;option style=&quot;color : black;&quot;  value=&quot;+598&quot;&gt;🇺🇾 +598&lt;/option&gt;&lt;option style=&quot;color : black;&quot;  value=&quot;+998&quot;&gt;🇺🇿 +998&lt;/option&gt;&lt;option style=&quot;color : black;&quot;  value=&quot;+678&quot;&gt;🇻🇺 +678&lt;/option&gt;&lt;option style=&quot;color : black;&quot;  value=&quot;+58&quot;&gt;🇻🇪 +58&lt;/option&gt;&lt;option style=&quot;color : black;&quot;  value=&quot;+84&quot;&gt;🇻🇳 +84&lt;/option&gt;&lt;option style=&quot;color : black;&quot;  value=&quot;+1284&quot;&gt;🇻🇬 +1284&lt;/option&gt;&lt;option style=&quot;color : black;&quot;  value=&quot;+1340&quot;&gt;🇻🇮 +1340&lt;/option&gt;&lt;option style=&quot;color : black;&quot;  value=&quot;+681&quot;&gt;🇼🇫 +681&lt;/option&gt;&lt;option style=&quot;color : black;&quot;  value=&quot;+967&quot;&gt;🇾🇪 +967&lt;/option&gt;&lt;option style=&quot;color : black;&quot;  value=&quot;+260&quot;&gt;🇿🇲 +260&lt;/option&gt;&lt;option style=&quot;color : black;&quot;  value=&quot;+263&quot;&gt;🇿🇼 +263&lt;/option&gt;&lt;option style=&quot;color : black;&quot;  value=&quot;+358&quot;&gt;🇦🇽 +358&lt;/option&gt;
        &lt;/select&gt;
        &lt;input id=&quot;BiteSpeedWAChatInput&quot; type=&quot;text&quot; onfocus=&quot;parent.preloadDiscount()&quot; class=&quot;bitespeedPhoneNumber&quot; placeholder=&quot;Enter Your Number&quot; data-optional=&quot;false&quot;&gt;
      &lt;/div&gt;
    
  &lt;/div&gt;

  &lt;div style=&quot;overflow-wrap: break-word;padding: 10px;&quot;&gt;
    
  &lt;div
    style=&quot;
      width: 100%;
      display: flex;
      flex-direction: column;
      align-items: center;
      justify-content: center;

      font-family: 'Poppins', sans-serif;
    &quot;
  &gt;
    
    &lt;button class=&quot;bitespeedNextButton&quot; onclick=&quot;parent.nextView(this)&quot;&gt;
      Get Coupon
    &lt;/button&gt;
  &lt;/div&gt;
  &lt;/div&gt;

  &lt;/div&gt;
&lt;/div&gt;

      &lt;/div&gt;
    &lt;/div&gt;
  &lt;/div&gt;

    &lt;/div&gt;
  &lt;/div&gt;

  
&lt;/div&gt;

&lt;/div&gt;


                  &lt;script&gt;
function getBspdBarCookie(name) {
  const value = &quot;; &quot; + document.cookie;
  const parts = value.split(&quot;; &quot; + name + &quot;=&quot;);
  if (parts.length === 2) {
    return parts.pop().split(&quot;;&quot;).shift();
  }
  return null;
}

function setBspdBarCookie(name, value, days) {
  const expires = new Date();

  expires.setTime(expires.getTime() + days * 24 * 60 * 60 * 1000);
  document.cookie = name + &quot;=&quot; + value + &quot;;expires=&quot; + expires.toUTCString() + &quot;;path=/&quot;;
}

// helper function to delete a cookie
function deleteBspdBarCookie(name) {
  document.cookie = name + &quot;=;expires=Thu, 01 Jan 1970 00:00:00 UTC;path=/&quot;;
}

// get end date based on timer type
const getEndDate = (cookieKey, timer) =&gt; {
  const now = new Date();

  const timerType = timer.dataset.timerType;
  const dateTime = timer.dataset.timerDatetime;
  const days = parseInt(timer.dataset.timerDays) || 0;
  const hours = parseInt(timer.dataset.timerHours) || 0;
  const minutes = parseInt(timer.dataset.timerMinutes) || 0;
  const seconds = parseInt(timer.dataset.timerSeconds) || 0;

  if (timerType === &quot;Static Date &amp; Time&quot;) {
    const endDate = new Date(dateTime);
    setBspdBarCookie(cookieKey, endDate.getTime());
    return endDate;
  }

  if (timerType === &quot;Relative&quot;) {
    const stored = getBspdBarCookie(cookieKey);
    if (stored) return new Date(parseInt(stored));

    const endDate = new Date(now.getTime() + days * 86400000 + hours * 3600000 + minutes * 60000 + seconds * 1000);
    setBspdBarCookie(cookieKey, endDate.getTime());
    return endDate;
  }

  if (timerType === &quot;Daily&quot;) {
    const stored = getBspdBarCookie(cookieKey);
    const midnight = new Date();
    midnight.setHours(24, 0, 0, 0);

    if (stored) {
      const storedDate = new Date(parseInt(stored));
      if (storedDate.toDateString() === midnight.toDateString()) {
        return storedDate;
      }
    }

    setBspdBarCookie(cookieKey, midnight.getTime());
    return midnight;
  }

  return null;
};

let interval = null;
// Main timer function
const startTimer = (timer) =&gt; {
  const timerType = timer.dataset.timerType;
  const popupId = timer.dataset.popupId;
  const cookieKey = &quot;endDate_&quot; + timerType + popupId;
  const endDate = getEndDate(cookieKey, timer);

  if (!endDate) return null;

  const update = () =&gt; {
    const now = Date.now();
    const remaining = endDate.getTime() - now;

    if (remaining &lt;= 0) {
      updateDisplay(0, 0, 0, 0);
      if (timerType === &quot;Daily&quot;) {
        setTimeout(() =&gt; {
          deleteBspdBarCookie(cookieKey);
        }, 1000);
      }
      
      return clearInterval(interval);
    }

    const days = Math.floor(remaining / 86400000);
    const hours = Math.floor((remaining % 86400000) / 3600000);
    const minutes = Math.floor((remaining % 3600000) / 60000);
    const seconds = Math.floor((remaining % 60000) / 1000);

    updateDisplay(days, hours, minutes, seconds);
  };

  const updateDisplay = (days, hours, minutes, seconds) =&gt; {
    const pad = (n) =&gt; n.toString().padStart(2, &quot;0&quot;);

    const dayElement = timer.querySelector(&quot;.timer-unit-days .timer-number&quot;);
    const hourElement = timer.querySelector(&quot;.timer-unit-hours .timer-number&quot;);
    const minuteElement = timer.querySelector(&quot;.timer-unit-minutes .timer-number&quot;);
    const secondElement = timer.querySelector(&quot;.timer-unit-seconds .timer-number&quot;);

    if (dayElement) {
      dayElement.textContent = pad(days);
    }
    if (hourElement) {
      hourElement.textContent = pad(hours);
    }
    if (minuteElement) {
      minuteElement.textContent = pad(minutes);
    }
    if (secondElement) {
      secondElement.textContent = pad(seconds);
    }
  };

  update();
  interval = setInterval(update, 1000);
};

document.querySelectorAll(&quot;#timer-container-3708580763402240&quot;).forEach((timer) =&gt; {
  // select all timers and start them
  startTimer(timer);
});
&lt;/script&gt;
                " style="position: fixed; top: 0px; width: 100%; height: 100%; z-index: 999999999; background-color: rgba(0, 0, 0, 0.5); border-width: medium; border-style: none; border-color: currentcolor; border-image: initial; left: 0px;"></iframe>
  (Session info: chrome=147.0.7727.57)
Build info: version: '4.28.0', revision: 'ac342546e9'
System info: os.name: 'Windows 11', os.arch: 'amd64', os.version: '10.0', java.version: '21.0.10'
Driver info: org.openqa.selenium.chrome.ChromeDriver
Command: [b22520f32d006cfd71727888d5fa8b9e, clickElement {id=f.1444F32C3BFDE6623D5FA629D138DF84.d.97E64F1EAC8477ED2BE1BDB5D2A73747.e.69}]
Capabilities {acceptInsecureCerts: false, browserName: chrome, browserVersion: 147.0.7727.57, chrome: {chromedriverVersion: 147.0.7727.57 (b4f28b5637d0..., userDataDir: C:\Users\DELL\AppData\Local...}, fedcm:accounts: true, goog:chromeOptions: {debuggerAddress: localhost:61461}, goog:processID: 1496, networkConnectionEnabled: false, pageLoadStrategy: normal, platformName: windows, proxy: Proxy(), se:cdp: ws://localhost:61461/devtoo..., se:cdpVersion: 147.0.7727.57, setWindowRect: true, strictFileInteractability: false, timeouts: {implicit: 0, pageLoad: 300000, script: 30000}, unhandledPromptBehavior: dismiss and notify, webauthn:extension:credBlob: true, webauthn:extension:largeBlob: true, webauthn:extension:minPinLength: true, webauthn:extension:prf: true, webauthn:virtualAuthenticators: true}
Element: [[ChromeDriver: chrome on windows (b22520f32d006cfd71727888d5fa8b9e)] -> name: st]
Session ID: b22520f32d006cfd71727888d5fa8b9e
at java.base/jdk.internal.reflect.DirectConstructorHandleAccessor.newInstance(DirectConstructorHandleAccessor.java:62)
at java.base/java.lang.reflect.Constructor.newInstanceWithCaller(Constructor.java:502)
at java.base/java.lang.reflect.Constructor.newInstance(Constructor.java:486)
at org.openqa.selenium.remote.ErrorCodec.decode(ErrorCodec.java:167)
at org.openqa.selenium.remote.codec.w3c.W3CHttpResponseCodec.decode(W3CHttpResponseCodec.java:138)
at org.openqa.selenium.remote.codec.w3c.W3CHttpResponseCodec.decode(W3CHttpResponseCodec.java:50)
at org.openqa.selenium.remote.HttpCommandExecutor.execute(HttpCommandExecutor.java:215)
at org.openqa.selenium.remote.service.DriverCommandExecutor.invokeExecute(DriverCommandExecutor.java:216)
at org.openqa.selenium.remote.service.DriverCommandExecutor.execute(DriverCommandExecutor.java:174)
at org.openqa.selenium.remote.RemoteWebDriver.execute(RemoteWebDriver.java:545)
at org.openqa.selenium.remote.RemoteWebElement.execute(RemoteWebElement.java:223)
at org.openqa.selenium.remote.RemoteWebElement.click(RemoteWebElement.java:76)
at basePage.BasePage.clickOnElement(BasePage.java:66)
at components.A1_HeaderComponent.clickOnSearchBox(A1_HeaderComponent.java:56)
at actualTests.A3_TrendingSearchTest.verifyTrendingItemsAreDisplayed(A3_TrendingSearchTest.java:19)
at java.base/jdk.internal.reflect.DirectMethodHandleAccessor.invoke(DirectMethodHandleAccessor.java:103)
at java.base/java.lang.reflect.Method.invoke(Method.java:580)
at org.testng.internal.invokers.MethodInvocationHelper.invokeMethod(MethodInvocationHelper.java:141)
at org.testng.internal.invokers.TestInvoker.invokeMethod(TestInvoker.java:686)
at org.testng.internal.invokers.TestInvoker.invokeTestMethod(TestInvoker.java:230)
at org.testng.internal.invokers.MethodRunner.runInSequence(MethodRunner.java:63)
at org.testng.internal.invokers.TestInvoker$MethodInvocationAgent.invoke(TestInvoker.java:992)
at org.testng.internal.invokers.TestInvoker.invokeTestMethods(TestInvoker.java:203)
at org.testng.internal.invokers.TestMethodWorker.invokeTestMethods(TestMethodWorker.java:154)
at org.testng.internal.invokers.TestMethodWorker.run(TestMethodWorker.java:134)
at java.base/java.util.ArrayList.forEach(ArrayList.java:1596)
at org.testng.TestRunner.privateRun(TestRunner.java:739)
at org.testng.TestRunner.run(TestRunner.java:614)
at org.testng.SuiteRunner.runTest(SuiteRunner.java:421)
at org.testng.SuiteRunner.runSequentially(SuiteRunner.java:413)
at org.testng.SuiteRunner.privateRun(SuiteRunner.java:373)
at org.testng.SuiteRunner.run(SuiteRunner.java:312)
at org.testng.SuiteRunnerWorker.runSuite(SuiteRunnerWorker.java:52)
at org.testng.SuiteRunnerWorker.run(SuiteRunnerWorker.java:95)
at org.testng.TestNG.runSuitesSequentially(TestNG.java:1274)
at org.testng.TestNG.runSuitesLocally(TestNG.java:1208)
at org.testng.TestNG.runSuites(TestNG.java:1112)
at org.testng.TestNG.run(TestNG.java:1079)
at org.testng.remote.AbstractRemoteTestNG.run(AbstractRemoteTestNG.java:115)
at org.testng.remote.RemoteTestNG.initAndRun(RemoteTestNG.java:293)
at org.testng.remote.RemoteTestNG.main(RemoteTestNG.java:91)
]]>
    </error>
  </testcase> <!-- verifyTrendingItemsAreDisplayed -->
  <testcase classname="actualTests.A3_TrendingSearchTest" name="verifyTrendingItemsList" time="19.124">
    <error message="Expected condition failed: waiting for element to be clickable: By.name: st (tried for 5 second(s) with 500 milliseconds interval)" type="org.openqa.selenium.TimeoutException">
      <![CDATA[org.openqa.selenium.TimeoutException: Expected condition failed: waiting for element to be clickable: By.name: st (tried for 5 second(s) with 500 milliseconds interval)
at org.openqa.selenium.support.ui.WebDriverWait.timeoutException(WebDriverWait.java:84)
at org.openqa.selenium.support.ui.FluentWait.until(FluentWait.java:228)
at basePage.BasePage.clickOnElement(BasePage.java:66)
at components.A1_HeaderComponent.clickOnSearchBox(A1_HeaderComponent.java:56)
at actualTests.A3_TrendingSearchTest.verifyTrendingItemsList(A3_TrendingSearchTest.java:32)
at java.base/jdk.internal.reflect.DirectMethodHandleAccessor.invoke(DirectMethodHandleAccessor.java:103)
at java.base/java.lang.reflect.Method.invoke(Method.java:580)
at org.testng.internal.invokers.MethodInvocationHelper.invokeMethod(MethodInvocationHelper.java:141)
at org.testng.internal.invokers.TestInvoker.invokeMethod(TestInvoker.java:686)
at org.testng.internal.invokers.TestInvoker.invokeTestMethod(TestInvoker.java:230)
at org.testng.internal.invokers.MethodRunner.runInSequence(MethodRunner.java:63)
at org.testng.internal.invokers.TestInvoker$MethodInvocationAgent.invoke(TestInvoker.java:992)
at org.testng.internal.invokers.TestInvoker.invokeTestMethods(TestInvoker.java:203)
at org.testng.internal.invokers.TestMethodWorker.invokeTestMethods(TestMethodWorker.java:154)
at org.testng.internal.invokers.TestMethodWorker.run(TestMethodWorker.java:134)
at java.base/java.util.ArrayList.forEach(ArrayList.java:1596)
at org.testng.TestRunner.privateRun(TestRunner.java:739)
at org.testng.TestRunner.run(TestRunner.java:614)
at org.testng.SuiteRunner.runTest(SuiteRunner.java:421)
at org.testng.SuiteRunner.runSequentially(SuiteRunner.java:413)
at org.testng.SuiteRunner.privateRun(SuiteRunner.java:373)
at org.testng.SuiteRunner.run(SuiteRunner.java:312)
at org.testng.SuiteRunnerWorker.runSuite(SuiteRunnerWorker.java:52)
at org.testng.SuiteRunnerWorker.run(SuiteRunnerWorker.java:95)
at org.testng.TestNG.runSuitesSequentially(TestNG.java:1274)
at org.testng.TestNG.runSuitesLocally(TestNG.java:1208)
at org.testng.TestNG.runSuites(TestNG.java:1112)
at org.testng.TestNG.run(TestNG.java:1079)
at org.testng.remote.AbstractRemoteTestNG.run(AbstractRemoteTestNG.java:115)
at org.testng.remote.RemoteTestNG.initAndRun(RemoteTestNG.java:293)
at org.testng.remote.RemoteTestNG.main(RemoteTestNG.java:91)
Caused by: org.openqa.selenium.NoSuchWindowException: no such window: target window already closed
from unknown error: web view not found
  (Session info: chrome=147.0.7727.57)
Build info: version: '4.28.0', revision: 'ac342546e9'
System info: os.name: 'Windows 11', os.arch: 'amd64', os.version: '10.0', java.version: '21.0.10'
Driver info: org.openqa.selenium.chrome.ChromeDriver
Command: [d239cec13b01c726793922e0b14b8653, findElement {value=st, using=name}]
Capabilities {acceptInsecureCerts: false, browserName: chrome, browserVersion: 147.0.7727.57, chrome: {chromedriverVersion: 147.0.7727.57 (b4f28b5637d0..., userDataDir: C:\Users\DELL\AppData\Local...}, fedcm:accounts: true, goog:chromeOptions: {debuggerAddress: localhost:54052}, goog:processID: 13404, networkConnectionEnabled: false, pageLoadStrategy: normal, platformName: windows, proxy: Proxy(), se:cdp: ws://localhost:54052/devtoo..., se:cdpVersion: 147.0.7727.57, setWindowRect: true, strictFileInteractability: false, timeouts: {implicit: 0, pageLoad: 300000, script: 30000}, unhandledPromptBehavior: dismiss and notify, webauthn:extension:credBlob: true, webauthn:extension:largeBlob: true, webauthn:extension:minPinLength: true, webauthn:extension:prf: true, webauthn:virtualAuthenticators: true}
Session ID: d239cec13b01c726793922e0b14b8653
at java.base/jdk.internal.reflect.DirectConstructorHandleAccessor.newInstance(DirectConstructorHandleAccessor.java:62)
at java.base/java.lang.reflect.Constructor.newInstanceWithCaller(Constructor.java:502)
at java.base/java.lang.reflect.Constructor.newInstance(Constructor.java:486)
at org.openqa.selenium.remote.ErrorCodec.decode(ErrorCodec.java:167)
at org.openqa.selenium.remote.codec.w3c.W3CHttpResponseCodec.decode(W3CHttpResponseCodec.java:138)
at org.openqa.selenium.remote.codec.w3c.W3CHttpResponseCodec.decode(W3CHttpResponseCodec.java:50)
at org.openqa.selenium.remote.HttpCommandExecutor.execute(HttpCommandExecutor.java:215)
at org.openqa.selenium.remote.service.DriverCommandExecutor.invokeExecute(DriverCommandExecutor.java:216)
at org.openqa.selenium.remote.service.DriverCommandExecutor.execute(DriverCommandExecutor.java:174)
at org.openqa.selenium.remote.RemoteWebDriver.execute(RemoteWebDriver.java:545)
at org.openqa.selenium.remote.ElementLocation$ElementFinder$2.findElement(ElementLocation.java:165)
at org.openqa.selenium.remote.ElementLocation.findElement(ElementLocation.java:66)
at org.openqa.selenium.remote.RemoteWebDriver.findElement(RemoteWebDriver.java:368)
at org.openqa.selenium.remote.RemoteWebDriver.findElement(RemoteWebDriver.java:362)
at org.openqa.selenium.support.ui.ExpectedConditions$7.apply(ExpectedConditions.java:194)
at org.openqa.selenium.support.ui.ExpectedConditions$7.apply(ExpectedConditions.java:190)
at org.openqa.selenium.support.ui.ExpectedConditions$22.apply(ExpectedConditions.java:627)
at org.openqa.selenium.support.ui.ExpectedConditions$22.apply(ExpectedConditions.java:624)
at org.openqa.selenium.support.ui.FluentWait.until(FluentWait.java:203)
... 29 more
]]>
    </error>
  </testcase> <!-- verifyTrendingItemsList -->
  <testcase classname="actualTests.A3_TrendingSearchTest" name="verifyUserCanSelectTrendingItem" time="18.234"/>
</testsuite> <!-- actualTests.A3_TrendingSearchTest -->
