<?xml version="1.0" encoding="UTF-8"?>
<!-- Generated by org.testng.reporters.JUnitReportReporter -->
<testsuite hostname="DESKTOP-EJ1PSRL" failures="0" tests="2" name="actualTests.SearchResultsPageTest" time="33.232" errors="0" timestamp="2026-04-03T11:59:32 IST" skipped="1">
  <testcase classname="actualTests.SearchResultsPageTest" name="validatePaginationAndClickProduct" time="33.232"/>
  <testcase classname="actualTests.SearchResultsPageTest" name="validateSearchResults">
    <skipped/>
  </testcase> <!-- validateSearchResults -->
</testsuite> <!-- actualTests.SearchResultsPageTest -->
