<?xml version="1.0" encoding="UTF-8"?>
<!-- Generated by org.testng.reporters.JUnitReportReporter -->
<testsuite hostname="DESKTOP-EJ1PSRL" failures="0" tests="2" name="actualTests.A2_LoginTest" time="21.860" errors="0" timestamp="2026-04-21T17:22:17 IST" skipped="1">
  <testcase classname="actualTests.A2_LoginTest" name="verifyLoginMyAccountDetails" time="21.860"/>
  <testcase classname="actualTests.A2_LoginTest" name="validLoginTest">
    <skipped/>
  </testcase> <!-- validLoginTest -->
</testsuite> <!-- actualTests.A2_LoginTest -->
