<?xml version="1.0" encoding="UTF-8"?>
<!-- Generated by org.testng.reporters.JUnitReportReporter -->
<testsuite hostname="DESKTOP-EJ1PSRL" failures="0" tests="2" name="actualTests.A4_SearchResultsPageTest" time="41.900" errors="0" timestamp="2026-04-03T20:18:34 IST" skipped="1">
  <testcase classname="actualTests.A4_SearchResultsPageTest" name="validatePaginationAndClickProduct" time="41.900"/>
  <testcase classname="actualTests.A4_SearchResultsPageTest" name="validateSearchResults">
    <skipped/>
  </testcase> <!-- validateSearchResults -->
</testsuite> <!-- actualTests.A4_SearchResultsPageTest -->
