<?xml version="1.0" encoding="UTF-8"?>
<!-- Generated by org.testng.reporters.JUnitReportReporter -->
<testsuite hostname="DESKTOP-EJ1PSRL" failures="0" tests="2" name="actualTests.LoginTest" time="14.319" errors="0" timestamp="2026-03-30T15:04:23 IST" skipped="1">
  <testcase classname="actualTests.LoginTest" name="verifyLoginMyAccountDetails" time="14.319"/>
  <testcase classname="actualTests.LoginTest" name="validLoginTest">
    <skipped/>
  </testcase> <!-- validLoginTest -->
</testsuite> <!-- actualTests.LoginTest -->
