<?xml version="1.0" encoding="UTF-8"?>
<!-- Generated by org.testng.reporters.JUnitReportReporter -->
<testsuite hostname="DESKTOP-AKNUUMP" failures="0" tests="2" name="normalTests.LoginTest" time="26.707" errors="0" timestamp="2026-02-20T15:57:08 IST" skipped="1">
  <testcase classname="normalTests.LoginTest" name="verifyLoginMyAccountDetails" time="26.707"/>
  <testcase classname="normalTests.LoginTest" name="validLoginTest">
    <skipped/>
  </testcase> <!-- validLoginTest -->
</testsuite> <!-- normalTests.LoginTest -->
