<?xml version="1.0" encoding="UTF-8"?>
<!-- Generated by org.testng.reporters.JUnitReportReporter -->
<testsuite hostname="DESKTOP-EJ1PSRL" failures="0" tests="2" name="actualTests.A7_CheckOutPage_Test" time="14.726" errors="0" timestamp="2026-04-13T15:42:17 IST" skipped="1">
  <testcase classname="actualTests.A7_CheckOutPage_Test" name="enterDetails" time="14.726"/>
  <testcase classname="actualTests.A7_CheckOutPage_Test" name="verifyCheckoutPageLoads">
    <skipped/>
  </testcase> <!-- verifyCheckoutPageLoads -->
</testsuite> <!-- actualTests.A7_CheckOutPage_Test -->
