<?xml version="1.0" encoding="UTF-8"?>
<!-- Generated by org.testng.reporters.JUnitReportReporter -->
<testsuite hostname="DESKTOP-EJ1PSRL" failures="0" tests="3" name="actualTests.TestTrendySearch" time="49.160" errors="0" timestamp="2026-04-01T23:02:00 IST" skipped="0">
  <testcase classname="actualTests.TestTrendySearch" name="verifyTrendingItemsAreDisplayed" time="15.149"/>
  <testcase classname="actualTests.TestTrendySearch" name="verifyTrendingItemsList" time="16.418"/>
  <testcase classname="actualTests.TestTrendySearch" name="verifyUserCanSelectTrendingItem" time="17.593"/>
</testsuite> <!-- actualTests.TestTrendySearch -->
